{"meta": {"format": 3, "version": "7.15.0", "timestamp": "2026-07-09T00:08:15.086241", "branch_coverage": false, "show_contexts": false}, "files": {"src\\rootact\\__init__.py": {"executed_lines": [4, 6, 8, 10, 11], "summary": {"covered_lines": 5, "num_statements": 5, "percent_covered": 100.0, "percent_covered_display": "100", "missing_lines": 0, "excluded_lines": 0, "percent_statements_covered": 100.0, "percent_statements_covered_display": "100"}, "missing_lines": [], "excluded_lines": [], "functions": {"": {"executed_lines": [4, 6, 8, 10, 11], "summary": {"covered_lines": 5, "num_statements": 5, "percent_covered": 100.0, "percent_covered_display": "100", "missing_lines": 0, "excluded_lines": 0, "percent_statements_covered": 100.0, "percent_statements_covered_display": "100"}, "missing_lines": [], "excluded_lines": [], "start_line": 1}}, "classes": {"": {"executed_lines": [4, 6, 8, 10, 11], "summary": {"covered_lines": 5, "num_statements": 5, "percent_covered": 100.0, "percent_covered_display": "100", "missing_lines": 0, "excluded_lines": 0, "percent_statements_covered": 100.0, "percent_statements_covered_display": "100"}, "missing_lines": [], "excluded_lines": [], "start_line": 1}}}, "src\\rootact\\approval_callback.py": {"executed_lines": [2, 4, 5, 7, 9, 11, 14, 17, 25, 29, 30, 31, 32, 33, 36, 42, 43, 44, 47, 49], "summary": {"covered_lines": 20, "num_statements": 20, "percent_covered": 100.0, "percent_covered_display": "100", "missing_lines": 0, "excluded_lines": 0, "percent_statements_covered": 100.0, "percent_statements_covered_display": "100"}, "missing_lines": [], "excluded_lines": [], "functions": {"console_approval_callback": {"executed_lines": [25, 29, 30, 31, 32, 33], "summary": {"covered_lines": 6, "num_statements": 6, "percent_covered": 100.0, "percent_covered_display": "100", "missing_lines": 0, "excluded_lines": 0, "percent_statements_covered": 100.0, "percent_statements_covered_display": "100"}, "missing_lines": [], "excluded_lines": [], "start_line": 17}, "auto_approval_callback": {"executed_lines": [42, 43, 44], "summary": {"covered_lines": 3, "num_statements": 3, "percent_covered": 100.0, "percent_covered_display": "100", "missing_lines": 0, "excluded_lines": 0, "percent_statements_covered": 100.0, "percent_statements_covered_display": "100"}, "missing_lines": [], "excluded_lines": [], "start_line": 36}, "yolo_approval_callback": {"executed_lines": [49], "summary": {"covered_lines": 1, "num_statements": 1, "percent_covered": 100.0, "percent_covered_display": "100", "missing_lines": 0, "excluded_lines": 0, "percent_statements_covered": 100.0, "percent_statements_covered_display": "100"}, "missing_lines": [], "excluded_lines": [], "start_line": 47}, "": {"executed_lines": [2, 4, 5, 7, 9, 11, 14, 17, 36, 47], "summary": {"covered_lines": 10, "num_statements": 10, "percent_covered": 100.0, "percent_covered_display": "100", "missing_lines": 0, "excluded_lines": 0, "percent_statements_covered": 100.0, "percent_statements_covered_display": "100"}, "missing_lines": [], "excluded_lines": [], "start_line": 1}}, "classes": {"": {"executed_lines": [2, 4, 5, 7, 9, 11, 14, 17, 25, 29, 30, 31, 32, 33, 36, 42, 43, 44, 47, 49], "summary": {"covered_lines": 20, "num_statements": 20, "percent_covered": 100.0, "percent_covered_display": "100", "missing_lines": 0, "excluded_lines": 0, "percent_statements_covered": 100.0, "percent_statements_covered_display": "100"}, "missing_lines": [], "excluded_lines": [], "start_line": 1}}}, "src\\rootact\\artifact_diff_viewer.py": {"executed_lines": [1, 3, 4, 6, 7, 8, 10, 12, 15, 16, 21, 22, 24, 25, 26, 28, 43, 46, 47, 48, 51, 52, 53, 56, 57, 58, 59, 60, 67, 68, 70, 75, 76, 79], "summary": {"covered_lines": 34, "num_statements": 34, "percent_covered": 100.0, "percent_covered_display": "100", "missing_lines": 0, "excluded_lines": 0, "percent_statements_covered": 100.0, "percent_statements_covered_display": "100"}, "missing_lines": [], "excluded_lines": [], "functions": {"DiffViewer.__init__": {"executed_lines": [25, 26], "summary": {"covered_lines": 2, "num_statements": 2, "percent_covered": 100.0, "percent_covered_display": "100", "missing_lines": 0, "excluded_lines": 0, "percent_statements_covered": 100.0, "percent_statements_covered_display": "100"}, "missing_lines": [], "excluded_lines": [], "start_line": 24}, "DiffViewer.render": {"executed_lines": [43, 46, 47, 48, 51, 52, 53, 56, 57, 58, 59, 60, 67, 68, 70, 75, 76], "summary": {"covered_lines": 17, "num_statements": 17, "percent_covered": 100.0, "percent_covered_display": "100", "missing_lines": 0, "excluded_lines": 0, "percent_statements_covered": 100.0, "percent_statements_covered_display": "100"}, "missing_lines": [], "excluded_lines": [], "start_line": 28}, "": {"executed_lines": [1, 3, 4, 6, 7, 8, 10, 12, 15, 16, 21, 22, 24, 28, 79], "summary": {"covered_lines": 15, "num_statements": 15, "percent_covered": 100.0, "percent_covered_display": "100", "missing_lines": 0, "excluded_lines": 0, "percent_statements_covered": 100.0, "percent_statements_covered_display": "100"}, "missing_lines": [], "excluded_lines": [], "start_line": 1}}, "classes": {"DiffViewer": {"executed_lines": [25, 26, 43, 46, 47, 48, 51, 52, 53, 56, 57, 58, 59, 60, 67, 68, 70, 75, 76], "summary": {"covered_lines": 19, "num_statements": 19, "percent_covered": 100.0, "percent_covered_display": "100", "missing_lines": 0, "excluded_lines": 0, "percent_statements_covered": 100.0, "percent_statements_covered_display": "100"}, "missing_lines": [], "excluded_lines": [], "start_line": 16}, "": {"executed_lines": [1, 3, 4, 6, 7, 8, 10, 12, 15, 16, 21, 22, 24, 28, 79], "summary": {"covered_lines": 15, "num_statements": 15, "percent_covered": 100.0, "percent_covered_display": "100", "missing_lines": 0, "excluded_lines": 0, "percent_statements_covered": 100.0, "percent_statements_covered_display": "100"}, "missing_lines": [], "excluded_lines": [], "start_line": 1}}}, "src\\rootact\\artifact_diff_wiring.py": {"executed_lines": [3, 5, 6, 8, 10, 17, 18, 19, 22, 24, 25, 28, 30, 33, 35, 36, 37, 38], "summary": {"covered_lines": 18, "num_statements": 18, "percent_covered": 100.0, "percent_covered_display": "100", "missing_lines": 0, "excluded_lines": 0, "percent_statements_covered": 100.0, "percent_statements_covered_display": "100"}, "missing_lines": [], "excluded_lines": [], "functions": {"render_change_summary": {"executed_lines": [24, 25], "summary": {"covered_lines": 2, "num_statements": 2, "percent_covered": 100.0, "percent_covered_display": "100", "missing_lines": 0, "excluded_lines": 0, "percent_statements_covered": 100.0, "percent_statements_covered_display": "100"}, "missing_lines": [], "excluded_lines": [], "start_line": 22}, "render_file_diff": {"executed_lines": [30], "summary": {"covered_lines": 1, "num_statements": 1, "percent_covered": 100.0, "percent_covered_display": "100", "missing_lines": 0, "excluded_lines": 0, "percent_statements_covered": 100.0, "percent_statements_covered_display": "100"}, "missing_lines": [], "excluded_lines": [], "start_line": 28}, "_files_from_report": {"executed_lines": [35, 36, 37, 38], "summary": {"covered_lines": 4, "num_statements": 4, "percent_covered": 100.0, "percent_covered_display": "100", "missing_lines": 0, "excluded_lines": 0, "percent_statements_covered": 100.0, "percent_statements_covered_display": "100"}, "missing_lines": [], "excluded_lines": [], "start_line": 33}, "": {"executed_lines": [3, 5, 6, 8, 10, 17, 18, 19, 22, 28, 33], "summary": {"covered_lines": 11, "num_statements": 11, "percent_covered": 100.0, "percent_covered_display": "100", "missing_lines": 0, "excluded_lines": 0, "percent_statements_covered": 100.0, "percent_statements_covered_display": "100"}, "missing_lines": [], "excluded_lines": [], "start_line": 1}}, "classes": {"": {"executed_lines": [3, 5, 6, 8, 10, 17, 18, 19, 22, 24, 25, 28, 30, 33, 35, 36, 37, 38], "summary": {"covered_lines": 18, "num_statements": 18, "percent_covered": 100.0, "percent_covered_display": "100", "missing_lines": 0, "excluded_lines": 0, "percent_statements_covered": 100.0, "percent_statements_covered_display": "100"}, "missing_lines": [], "excluded_lines": [], "start_line": 1}}}, "src\\rootact\\artifact_store.py": {"executed_lines": [3, 5, 6, 8, 10, 11, 12, 13, 14, 17, 18, 19, 20, 21, 22, 25, 26, 34, 36, 38, 40, 42, 44, 46, 48, 50, 54, 61, 65, 72, 75, 85, 98, 114], "summary": {"covered_lines": 34, "num_statements": 51, "percent_covered": 66.66666666666667, "percent_covered_display": "67", "missing_lines": 17, "excluded_lines": 0, "percent_statements_covered": 66.66666666666667, "percent_statements_covered_display": "67"}, "missing_lines": [62, 63, 67, 70, 73, 76, 77, 78, 79, 80, 81, 92, 93, 94, 103, 119, 120], "excluded_lines": [], "functions": {"ArtifactStore.add": {"executed_lines": [38], "summary": {"covered_lines": 1, "num_statements": 1, "percent_covered": 100.0, "percent_covered_display": "100", "missing_lines": 0, "excluded_lines": 0, "percent_statements_covered": 100.0, "percent_statements_covered_display": "100"}, "missing_lines": [], "excluded_lines": [], "start_line": 36}, "ArtifactStore.get": {"executed_lines": [42], "summary": {"covered_lines": 1, "num_statements": 1, "percent_covered": 100.0, "percent_covered_display": "100", "missing_lines": 0, "excluded_lines": 0, "percent_statements_covered": 100.0, "percent_statements_covered_display": "100"}, "missing_lines": [], "excluded_lines": [], "start_line": 40}, "ArtifactStore.list_names": {"executed_lines": [46], "summary": {"covered_lines": 1, "num_statements": 1, "percent_covered": 100.0, "percent_covered_display": "100", "missing_lines": 0, "excluded_lines": 0, "percent_statements_covered": 100.0, "percent_statements_covered_display": "100"}, "missing_lines": [], "excluded_lines": [], "start_line": 44}, "ArtifactStore.clear": {"executed_lines": [50], "summary": {"covered_lines": 1, "num_statements": 1, "percent_covered": 100.0, "percent_covered_display": "100", "missing_lines": 0, "excluded_lines": 0, "percent_statements_covered": 100.0, "percent_statements_covered_display": "100"}, "missing_lines": [], "excluded_lines": [], "start_line": 48}, "TemporaryFileManager.__init__": {"executed_lines": [], "summary": {"covered_lines": 0, "num_statements": 2, "percent_covered": 0.0, "percent_covered_display": "0", "missing_lines": 2, "excluded_lines": 0, "percent_statements_covered": 0.0, "percent_statements_covered_display": "0"}, "missing_lines": [62, 63], "excluded_lines": [], "start_line": 61}, "TemporaryFileManager.create": {"executed_lines": [], "summary": {"covered_lines": 0, "num_statements": 2, "percent_covered": 0.0, "percent_covered_display": "0", "missing_lines": 2, "excluded_lines": 0, "percent_statements_covered": 0.0, "percent_statements_covered_display": "0"}, "missing_lines": [67, 70], "excluded_lines": [], "start_line": 65}, "TemporaryFileManager.__enter__": {"executed_lines": [], "summary": {"covered_lines": 0, "num_statements": 1, "percent_covered": 0.0, "percent_covered_display": "0", "missing_lines": 1, "excluded_lines": 0, "percent_statements_covered": 0.0, "percent_statements_covered_display": "0"}, "missing_lines": [73], "excluded_lines": [], "start_line": 72}, "TemporaryFileManager.__exit__": {"executed_lines": [], "summary": {"covered_lines": 0, "num_statements": 6, "percent_covered": 0.0, "percent_covered_display": "0", "missing_lines": 6, "excluded_lines": 0, "percent_statements_covered": 0.0, "percent_statements_covered_display": "0"}, "missing_lines": [76, 77, 78, 79, 80, 81], "excluded_lines": [], "start_line": 75}, "simple_checksum": {"executed_lines": [], "summary": {"covered_lines": 0, "num_statements": 3, "percent_covered": 0.0, "percent_covered_display": "0", "missing_lines": 3, "excluded_lines": 0, "percent_statements_covered": 0.0, "percent_statements_covered_display": "0"}, "missing_lines": [92, 93, 94], "excluded_lines": [], "start_line": 85}, "serialize_artifact": {"executed_lines": [], "summary": {"covered_lines": 0, "num_statements": 1, "percent_covered": 0.0, "percent_covered_display": "0", "missing_lines": 1, "excluded_lines": 0, "percent_statements_covered": 0.0, "percent_statements_covered_display": "0"}, "missing_lines": [103], "excluded_lines": [], "start_line": 98}, "deserialize_artifact": {"executed_lines": [], "summary": {"covered_lines": 0, "num_statements": 2, "percent_covered": 0.0, "percent_covered_display": "0", "missing_lines": 2, "excluded_lines": 0, "percent_statements_covered": 0.0, "percent_statements_covered_display": "0"}, "missing_lines": [119, 120], "excluded_lines": [], "start_line": 114}, "": {"executed_lines": [3, 5, 6, 8, 10, 11, 12, 13, 14, 17, 18, 19, 20, 21, 22, 25, 26, 34, 36, 40, 44, 48, 54, 61, 65, 72, 75, 85, 98, 114], "summary": {"covered_lines": 30, "num_statements": 30, "percent_covered": 100.0, "percent_covered_display": "100", "missing_lines": 0, "excluded_lines": 0, "percent_statements_covered": 100.0, "percent_statements_covered_display": "100"}, "missing_lines": [], "excluded_lines": [], "start_line": 1}}, "classes": {"Artifact": {"executed_lines": [], "summary": {"covered_lines": 0, "num_statements": 0, "percent_covered": 100.0, "percent_covered_display": "100", "missing_lines": 0, "excluded_lines": 0, "percent_statements_covered": 100.0, "percent_statements_covered_display": "100"}, "missing_lines": [], "excluded_lines": [], "start_line": 18}, "ArtifactStore": {"executed_lines": [38, 42, 46, 50], "summary": {"covered_lines": 4, "num_statements": 4, "percent_covered": 100.0, "percent_covered_display": "100", "missing_lines": 0, "excluded_lines": 0, "percent_statements_covered": 100.0, "percent_statements_covered_display": "100"}, "missing_lines": [], "excluded_lines": [], "start_line": 26}, "TemporaryFileManager": {"executed_lines": [], "summary": {"covered_lines": 0, "num_statements": 11, "percent_covered": 0.0, "percent_covered_display": "0", "missing_lines": 11, "excluded_lines": 0, "percent_statements_covered": 0.0, "percent_statements_covered_display": "0"}, "missing_lines": [62, 63, 67, 70, 73, 76, 77, 78, 79, 80, 81], "excluded_lines": [], "start_line": 54}, "": {"executed_lines": [3, 5, 6, 8, 10, 11, 12, 13, 14, 17, 18, 19, 20, 21, 22, 25, 26, 34, 36, 40, 44, 48, 54, 61, 65, 72, 75, 85, 98, 114], "summary": {"covered_lines": 30, "num_statements": 36, "percent_covered": 83.33333333333333, "percent_covered_display": "83", "missing_lines": 6, "excluded_lines": 0, "percent_statements_covered": 83.33333333333333, "percent_statements_covered_display": "83"}, "missing_lines": [92, 93, 94, 103, 119, 120], "excluded_lines": [], "start_line": 1}}}, "src\\rootact\\artifact_tracker.py": {"executed_lines": [3, 5, 6, 8, 10, 11, 14, 15, 18, 19, 20, 23, 30, 31, 33, 35, 37, 39, 41, 43, 45, 47], "summary": {"covered_lines": 22, "num_statements": 22, "percent_covered": 100.0, "percent_covered_display": "100", "missing_lines": 0, "excluded_lines": 0, "percent_statements_covered": 100.0, "percent_statements_covered_display": "100"}, "missing_lines": [], "excluded_lines": [], "functions": {"ArtifactTracker.__init__": {"executed_lines": [31], "summary": {"covered_lines": 1, "num_statements": 1, "percent_covered": 100.0, "percent_covered_display": "100", "missing_lines": 0, "excluded_lines": 0, "percent_statements_covered": 100.0, "percent_statements_covered_display": "100"}, "missing_lines": [], "excluded_lines": [], "start_line": 30}, "ArtifactTracker.register": {"executed_lines": [35], "summary": {"covered_lines": 1, "num_statements": 1, "percent_covered": 100.0, "percent_covered_display": "100", "missing_lines": 0, "excluded_lines": 0, "percent_statements_covered": 100.0, "percent_statements_covered_display": "100"}, "missing_lines": [], "excluded_lines": [], "start_line": 33}, "ArtifactTracker.get": {"executed_lines": [39], "summary": {"covered_lines": 1, "num_statements": 1, "percent_covered": 100.0, "percent_covered_display": "100", "missing_lines": 0, "excluded_lines": 0, "percent_statements_covered": 100.0, "percent_statements_covered_display": "100"}, "missing_lines": [], "excluded_lines": [], "start_line": 37}, "ArtifactTracker.contains": {"executed_lines": [43], "summary": {"covered_lines": 1, "num_statements": 1, "percent_covered": 100.0, "percent_covered_display": "100", "missing_lines": 0, "excluded_lines": 0, "percent_statements_covered": 100.0, "percent_statements_covered_display": "100"}, "missing_lines": [], "excluded_lines": [], "start_line": 41}, "ArtifactTracker.list_identifiers": {"executed_lines": [47], "summary": {"covered_lines": 1, "num_statements": 1, "percent_covered": 100.0, "percent_covered_display": "100", "missing_lines": 0, "excluded_lines": 0, "percent_statements_covered": 100.0, "percent_statements_covered_display": "100"}, "missing_lines": [], "excluded_lines": [], "start_line": 45}, "": {"executed_lines": [3, 5, 6, 8, 10, 11, 14, 15, 18, 19, 20, 23, 30, 33, 37, 41, 45], "summary": {"covered_lines": 17, "num_statements": 17, "percent_covered": 100.0, "percent_covered_display": "100", "missing_lines": 0, "excluded_lines": 0, "percent_statements_covered": 100.0, "percent_statements_covered_display": "100"}, "missing_lines": [], "excluded_lines": [], "start_line": 1}}, "classes": {"TrackedArtifact": {"executed_lines": [], "summary": {"covered_lines": 0, "num_statements": 0, "percent_covered": 100.0, "percent_covered_display": "100", "missing_lines": 0, "excluded_lines": 0, "percent_statements_covered": 100.0, "percent_statements_covered_display": "100"}, "missing_lines": [], "excluded_lines": [], "start_line": 15}, "ArtifactTracker": {"executed_lines": [31, 35, 39, 43, 47], "summary": {"covered_lines": 5, "num_statements": 5, "percent_covered": 100.0, "percent_covered_display": "100", "missing_lines": 0, "excluded_lines": 0, "percent_statements_covered": 100.0, "percent_statements_covered_display": "100"}, "missing_lines": [], "excluded_lines": [], "start_line": 23}, "": {"executed_lines": [3, 5, 6, 8, 10, 11, 14, 15, 18, 19, 20, 23, 30, 33, 37, 41, 45], "summary": {"covered_lines": 17, "num_statements": 17, "percent_covered": 100.0, "percent_covered_display": "100", "missing_lines": 0, "excluded_lines": 0, "percent_statements_covered": 100.0, "percent_statements_covered_display": "100"}, "missing_lines": [], "excluded_lines": [], "start_line": 1}}}, "src\\rootact\\builtin_skill_library.py": {"executed_lines": [2, 4, 5, 7, 9, 18, 19, 20, 21, 23, 26, 29, 30, 32, 34, 35, 36, 37, 40, 42, 44, 45, 46, 47, 48, 49, 50, 52, 54, 55, 56, 57, 58, 59], "summary": {"covered_lines": 34, "num_statements": 34, "percent_covered": 100.0, "percent_covered_display": "100", "missing_lines": 0, "excluded_lines": 0, "percent_statements_covered": 100.0, "percent_statements_covered_display": "100"}, "missing_lines": [], "excluded_lines": [], "functions": {"BuiltinSkillLibrary.__init__": {"executed_lines": [30], "summary": {"covered_lines": 1, "num_statements": 1, "percent_covered": 100.0, "percent_covered_display": "100", "missing_lines": 0, "excluded_lines": 0, "percent_statements_covered": 100.0, "percent_statements_covered_display": "100"}, "missing_lines": [], "excluded_lines": [], "start_line": 29}, "BuiltinSkillLibrary.list_skills": {"executed_lines": [34, 35, 36, 37, 40], "summary": {"covered_lines": 5, "num_statements": 5, "percent_covered": 100.0, "percent_covered_display": "100", "missing_lines": 0, "excluded_lines": 0, "percent_statements_covered": 100.0, "percent_statements_covered_display": "100"}, "missing_lines": [], "excluded_lines": [], "start_line": 32}, "BuiltinSkillLibrary.install": {"executed_lines": [44, 45, 46, 47, 48, 49, 50], "summary": {"covered_lines": 7, "num_statements": 7, "percent_covered": 100.0, "percent_covered_display": "100", "missing_lines": 0, "excluded_lines": 0, "percent_statements_covered": 100.0, "percent_statements_covered_display": "100"}, "missing_lines": [], "excluded_lines": [], "start_line": 42}, "BuiltinSkillLibrary.install_all": {"executed_lines": [54, 55, 56, 57, 58, 59], "summary": {"covered_lines": 6, "num_statements": 6, "percent_covered": 100.0, "percent_covered_display": "100", "missing_lines": 0, "excluded_lines": 0, "percent_statements_covered": 100.0, "percent_statements_covered_display": "100"}, "missing_lines": [], "excluded_lines": [], "start_line": 52}, "": {"executed_lines": [2, 4, 5, 7, 9, 18, 19, 20, 21, 23, 26, 29, 32, 42, 52], "summary": {"covered_lines": 15, "num_statements": 15, "percent_covered": 100.0, "percent_covered_display": "100", "missing_lines": 0, "excluded_lines": 0, "percent_statements_covered": 100.0, "percent_statements_covered_display": "100"}, "missing_lines": [], "excluded_lines": [], "start_line": 1}}, "classes": {"BuiltinSkillLibrary": {"executed_lines": [30, 34, 35, 36, 37, 40, 44, 45, 46, 47, 48, 49, 50, 54, 55, 56, 57, 58, 59], "summary": {"covered_lines": 19, "num_statements": 19, "percent_covered": 100.0, "percent_covered_display": "100", "missing_lines": 0, "excluded_lines": 0, "percent_statements_covered": 100.0, "percent_statements_covered_display": "100"}, "missing_lines": [], "excluded_lines": [], "start_line": 26}, "": {"executed_lines": [2, 4, 5, 7, 9, 18, 19, 20, 21, 23, 26, 29, 32, 42, 52], "summary": {"covered_lines": 15, "num_statements": 15, "percent_covered": 100.0, "percent_covered_display": "100", "missing_lines": 0, "excluded_lines": 0, "percent_statements_covered": 100.0, "percent_statements_covered_display": "100"}, "missing_lines": [], "excluded_lines": [], "start_line": 1}}}, "src\\rootact\\capability_registry.py": {"executed_lines": [1, 3, 4, 6, 8, 9, 11, 12, 15, 16, 17, 18, 19, 22, 23, 24, 26, 33, 34, 38, 44, 45, 46, 47, 48, 50, 52, 53, 64, 65, 70, 71, 73, 83, 84, 85, 94, 99, 104, 105, 106, 116], "summary": {"covered_lines": 42, "num_statements": 43, "percent_covered": 97.67441860465117, "percent_covered_display": "98", "missing_lines": 1, "excluded_lines": 0, "percent_statements_covered": 97.67441860465117, "percent_statements_covered_display": "98"}, "missing_lines": [49], "excluded_lines": [], "functions": {"CapabilityRegistry.register": {"executed_lines": [33, 34], "summary": {"covered_lines": 2, "num_statements": 2, "percent_covered": 100.0, "percent_covered_display": "100", "missing_lines": 0, "excluded_lines": 0, "percent_statements_covered": 100.0, "percent_statements_covered_display": "100"}, "missing_lines": [], "excluded_lines": [], "start_line": 26}, "CapabilityRegistry.select": {"executed_lines": [44, 45, 46, 47, 48, 50, 52, 53, 64, 65, 70, 71, 73, 83, 84, 85], "summary": {"covered_lines": 16, "num_statements": 17, "percent_covered": 94.11764705882354, "percent_covered_display": "94", "missing_lines": 1, "excluded_lines": 0, "percent_statements_covered": 94.11764705882354, "percent_statements_covered_display": "94"}, "missing_lines": [49], "excluded_lines": [], "start_line": 38}, "CapabilityRegistry.fallback_chain": {"executed_lines": [99, 104, 105, 106, 116], "summary": {"covered_lines": 5, "num_statements": 5, "percent_covered": 100.0, "percent_covered_display": "100", "missing_lines": 0, "excluded_lines": 0, "percent_statements_covered": 100.0, "percent_statements_covered_display": "100"}, "missing_lines": [], "excluded_lines": [], "start_line": 94}, "": {"executed_lines": [1, 3, 4, 6, 8, 9, 11, 12, 15, 16, 17, 18, 19, 22, 23, 24, 26, 38, 94], "summary": {"covered_lines": 19, "num_statements": 19, "percent_covered": 100.0, "percent_covered_display": "100", "missing_lines": 0, "excluded_lines": 0, "percent_statements_covered": 100.0, "percent_statements_covered_display": "100"}, "missing_lines": [], "excluded_lines": [], "start_line": 1}}, "classes": {"_ProviderEntry": {"executed_lines": [], "summary": {"covered_lines": 0, "num_statements": 0, "percent_covered": 100.0, "percent_covered_display": "100", "missing_lines": 0, "excluded_lines": 0, "percent_statements_covered": 100.0, "percent_statements_covered_display": "100"}, "missing_lines": [], "excluded_lines": [], "start_line": 16}, "CapabilityRegistry": {"executed_lines": [33, 34, 44, 45, 46, 47, 48, 50, 52, 53, 64, 65, 70, 71, 73, 83, 84, 85, 99, 104, 105, 106, 116], "summary": {"covered_lines": 23, "num_statements": 24, "percent_covered": 95.83333333333333, "percent_covered_display": "96", "missing_lines": 1, "excluded_lines": 0, "percent_statements_covered": 95.83333333333333, "percent_statements_covered_display": "96"}, "missing_lines": [49], "excluded_lines": [], "start_line": 23}, "": {"executed_lines": [1, 3, 4, 6, 8, 9, 11, 12, 15, 16, 17, 18, 19, 22, 23, 24, 26, 38, 94], "summary": {"covered_lines": 19, "num_statements": 19, "percent_covered": 100.0, "percent_covered_display": "100", "missing_lines": 0, "excluded_lines": 0, "percent_statements_covered": 100.0, "percent_statements_covered_display": "100"}, "missing_lines": [], "excluded_lines": [], "start_line": 1}}}, "src\\rootact\\change_summary_generator.py": {"executed_lines": [1, 3, 4, 6, 7, 9, 11, 14, 15, 20, 21, 23, 24, 25, 27, 32, 33, 34, 35, 37, 38, 40, 41, 42, 43, 44, 45, 46, 48, 49, 52], "summary": {"covered_lines": 31, "num_statements": 31, "percent_covered": 100.0, "percent_covered_display": "100", "missing_lines": 0, "excluded_lines": 0, "percent_statements_covered": 100.0, "percent_statements_covered_display": "100"}, "missing_lines": [], "excluded_lines": [], "functions": {"ChangeSummary.__init__": {"executed_lines": [24, 25], "summary": {"covered_lines": 2, "num_statements": 2, "percent_covered": 100.0, "percent_covered_display": "100", "missing_lines": 0, "excluded_lines": 0, "percent_statements_covered": 100.0, "percent_statements_covered_display": "100"}, "missing_lines": [], "excluded_lines": [], "start_line": 23}, "ChangeSummary.summarize": {"executed_lines": [32, 33, 34, 35, 37, 38, 40, 41, 42, 43, 44, 45, 46, 48, 49], "summary": {"covered_lines": 15, "num_statements": 15, "percent_covered": 100.0, "percent_covered_display": "100", "missing_lines": 0, "excluded_lines": 0, "percent_statements_covered": 100.0, "percent_statements_covered_display": "100"}, "missing_lines": [], "excluded_lines": [], "start_line": 27}, "": {"executed_lines": [1, 3, 4, 6, 7, 9, 11, 14, 15, 20, 21, 23, 27, 52], "summary": {"covered_lines": 14, "num_statements": 14, "percent_covered": 100.0, "percent_covered_display": "100", "missing_lines": 0, "excluded_lines": 0, "percent_statements_covered": 100.0, "percent_statements_covered_display": "100"}, "missing_lines": [], "excluded_lines": [], "start_line": 1}}, "classes": {"ChangeSummary": {"executed_lines": [24, 25, 32, 33, 34, 35, 37, 38, 40, 41, 42, 43, 44, 45, 46, 48, 49], "summary": {"covered_lines": 17, "num_statements": 17, "percent_covered": 100.0, "percent_covered_display": "100", "missing_lines": 0, "excluded_lines": 0, "percent_statements_covered": 100.0, "percent_statements_covered_display": "100"}, "missing_lines": [], "excluded_lines": [], "start_line": 15}, "": {"executed_lines": [1, 3, 4, 6, 7, 9, 11, 14, 15, 20, 21, 23, 27, 52], "summary": {"covered_lines": 14, "num_statements": 14, "percent_covered": 100.0, "percent_covered_display": "100", "missing_lines": 0, "excluded_lines": 0, "percent_statements_covered": 100.0, "percent_statements_covered_display": "100"}, "missing_lines": [], "excluded_lines": [], "start_line": 1}}}, "src\\rootact\\chestertons_fence.py": {"executed_lines": [2, 4, 5, 7, 9, 20, 21, 22, 24, 25, 28, 31, 37, 38, 39, 41, 58, 63, 65, 67, 69, 70, 71, 73, 75, 76, 77, 79, 80, 81, 83, 87, 88, 89, 90, 91, 99, 100, 110, 111, 116, 118, 119, 121, 137, 146, 147, 161, 170, 177, 186, 187], "summary": {"covered_lines": 52, "num_statements": 70, "percent_covered": 74.28571428571429, "percent_covered_display": "74", "missing_lines": 18, "excluded_lines": 0, "percent_statements_covered": 74.28571428571429, "percent_statements_covered_display": "74"}, "missing_lines": [43, 44, 52, 53, 54, 55, 56, 64, 78, 101, 102, 112, 113, 114, 152, 153, 162, 178], "excluded_lines": [], "functions": {"ChestertonsFence.__init__": {"executed_lines": [37, 38, 39], "summary": {"covered_lines": 3, "num_statements": 3, "percent_covered": 100.0, "percent_covered_display": "100", "missing_lines": 0, "excluded_lines": 0, "percent_statements_covered": 100.0, "percent_statements_covered_display": "100"}, "missing_lines": [], "excluded_lines": [], "start_line": 31}, "ChestertonsFence._run_git": {"executed_lines": [], "summary": {"covered_lines": 0, "num_statements": 7, "percent_covered": 0.0, "percent_covered_display": "0", "missing_lines": 7, "excluded_lines": 0, "percent_statements_covered": 0.0, "percent_statements_covered_display": "0"}, "missing_lines": [43, 44, 52, 53, 54, 55, 56], "excluded_lines": [], "start_line": 41}, "ChestertonsFence._relative_path": {"executed_lines": [63, 65], "summary": {"covered_lines": 2, "num_statements": 3, "percent_covered": 66.66666666666667, "percent_covered_display": "67", "missing_lines": 1, "excluded_lines": 0, "percent_statements_covered": 66.66666666666667, "percent_statements_covered_display": "67"}, "missing_lines": [64], "excluded_lines": [], "start_line": 58}, "ChestertonsFence._recent_commits": {"executed_lines": [69, 70, 71], "summary": {"covered_lines": 3, "num_statements": 3, "percent_covered": 100.0, "percent_covered_display": "100", "missing_lines": 0, "excluded_lines": 0, "percent_statements_covered": 100.0, "percent_statements_covered_display": "100"}, "missing_lines": [], "excluded_lines": [], "start_line": 67}, "ChestertonsFence._blame": {"executed_lines": [75, 76, 77, 79, 80, 81], "summary": {"covered_lines": 6, "num_statements": 7, "percent_covered": 85.71428571428571, "percent_covered_display": "86", "missing_lines": 1, "excluded_lines": 0, "percent_statements_covered": 85.71428571428571, "percent_statements_covered_display": "86"}, "missing_lines": [78], "excluded_lines": [], "start_line": 73}, "ChestertonsFence.inspect": {"executed_lines": [87, 88, 89, 90, 91, 99, 100, 110, 111, 116, 118, 119, 121, 137, 146, 147, 161, 170, 177, 186, 187], "summary": {"covered_lines": 21, "num_statements": 30, "percent_covered": 70.0, "percent_covered_display": "70", "missing_lines": 9, "excluded_lines": 0, "percent_statements_covered": 70.0, "percent_statements_covered_display": "70"}, "missing_lines": [101, 102, 112, 113, 114, 152, 153, 162, 178], "excluded_lines": [], "start_line": 83}, "": {"executed_lines": [2, 4, 5, 7, 9, 20, 21, 22, 24, 25, 28, 31, 41, 58, 67, 73, 83], "summary": {"covered_lines": 17, "num_statements": 17, "percent_covered": 100.0, "percent_covered_display": "100", "missing_lines": 0, "excluded_lines": 0, "percent_statements_covered": 100.0, "percent_statements_covered_display": "100"}, "missing_lines": [], "excluded_lines": [], "start_line": 1}}, "classes": {"ChestertonsFence": {"executed_lines": [37, 38, 39, 63, 65, 69, 70, 71, 75, 76, 77, 79, 80, 81, 87, 88, 89, 90, 91, 99, 100, 110, 111, 116, 118, 119, 121, 137, 146, 147, 161, 170, 177, 186, 187], "summary": {"covered_lines": 35, "num_statements": 53, "percent_covered": 66.0377358490566, "percent_covered_display": "66", "missing_lines": 18, "excluded_lines": 0, "percent_statements_covered": 66.0377358490566, "percent_statements_covered_display": "66"}, "missing_lines": [43, 44, 52, 53, 54, 55, 56, 64, 78, 101, 102, 112, 113, 114, 152, 153, 162, 178], "excluded_lines": [], "start_line": 28}, "": {"executed_lines": [2, 4, 5, 7, 9, 20, 21, 22, 24, 25, 28, 31, 41, 58, 67, 73, 83], "summary": {"covered_lines": 17, "num_statements": 17, "percent_covered": 100.0, "percent_covered_display": "100", "missing_lines": 0, "excluded_lines": 0, "percent_statements_covered": 100.0, "percent_statements_covered_display": "100"}, "missing_lines": [], "excluded_lines": [], "start_line": 1}}}, "src\\rootact\\cli.py": {"executed_lines": [2, 4, 5, 7, 9, 11, 12, 13, 14, 15, 17, 18, 19, 20, 21, 22, 23, 24, 25, 26, 27, 28, 29, 30, 31, 32, 33, 34, 35, 36, 37, 38, 39, 40, 41, 42, 43, 44, 45, 46, 47, 50, 52, 53, 58, 61, 62, 64, 65, 66, 67, 68, 69, 78, 80, 81, 82, 83, 87, 88, 91, 97, 98, 103, 104, 106, 107, 108, 110, 112, 113, 118, 119, 120, 121, 124, 126, 127, 128, 129, 130, 132, 133, 140, 143, 150, 151, 157, 158, 165, 166, 168, 169, 170, 172, 175, 176, 177, 179, 181, 182, 187, 188, 189, 195, 196, 197, 198, 200, 201, 202, 203, 205, 206, 219, 222, 228, 229, 232, 233, 239, 244, 245, 247, 248, 249, 250, 251, 253, 254, 255, 256, 257, 259, 264, 265, 266, 267, 269, 270, 271, 272, 275, 281, 282, 288, 289, 295, 296, 298, 299, 300, 302, 306, 307, 308, 310, 311, 312, 313, 315, 319, 320, 321, 323, 324, 326, 327, 328, 329, 330, 331, 332, 334, 337, 345, 346, 347, 350, 351, 353, 354, 355, 357, 358, 359, 360, 361, 362, 363, 365, 370, 371, 372, 373, 374, 377, 379, 380, 381, 382, 383, 384, 385, 388, 389, 390, 391, 392, 393, 395, 396, 399, 401, 402, 403, 404, 405, 410, 411, 412, 413, 414, 415, 416, 417, 418, 419, 420, 435, 437, 438, 439, 440, 447, 452, 453, 455, 456, 457, 458, 462, 466, 467, 468, 473, 474, 478, 488, 522, 570, 614, 620, 621, 623, 624, 625, 626, 628, 629, 632, 638, 639, 643, 644, 645, 646, 647, 648, 649, 650, 651, 654, 655, 656, 659, 660, 662, 663, 665, 666, 667, 668, 669, 670, 673, 710, 755, 763, 764, 769, 775, 776, 778, 779, 780, 782, 783, 784, 786, 787, 791, 795, 796, 797, 798, 799, 800, 801, 806, 809, 880, 887, 888, 889, 893, 894, 896, 900, 902, 903, 908, 909, 910, 911, 918, 923, 928, 929, 933, 934, 935, 936, 937, 940, 943, 950, 951, 956, 963, 969, 970, 972, 976, 978, 979, 984, 985, 987, 991, 992, 993, 995, 996, 1009, 1010, 1036, 1043, 1044, 1049, 1050, 1054, 1055, 1057, 1061, 1063, 1064, 1069, 1070, 1071, 1072, 1079, 1080, 1081, 1082, 1083, 1091, 1096, 1097, 1101, 1102, 1103, 1104, 1105, 1106, 1107, 1110, 1112, 1114, 1115, 1116, 1118, 1120, 1122, 1124, 1125, 1126, 1127, 1128, 1129, 1130, 1132, 1134, 1136, 1137, 1138, 1140, 1142, 1143, 1144, 1146, 1147, 1148, 1149, 1150, 1151, 1152, 1159, 1165, 1171, 1176, 1182, 1187, 1192, 1197, 1202, 1208, 1213, 1218, 1223, 1228, 1235, 1241, 1247, 1253, 1258, 1263, 1269, 1274, 1280, 1285, 1290, 1292, 1293, 1295, 1297, 1298, 1299, 1300, 1304, 1305, 1307, 1308, 1309, 1310, 1311, 1312, 1315, 1317, 1318, 1319, 1320, 1322, 1323, 1325, 1326, 1328, 1329, 1330, 1331, 1332, 1338, 1339, 1340, 1341, 1342, 1343, 1344, 1347, 1350, 1352, 1358, 1359, 1360, 1361, 1362, 1363, 1364, 1366, 1367, 1368, 1369, 1373, 1374, 1375, 1376, 1377, 1378, 1379, 1380, 1381, 1382, 1386, 1387, 1389, 1392, 1393, 1394, 1395, 1403, 1405, 1406, 1407, 1408, 1409, 1411, 1412, 1413, 1414, 1415, 1416, 1419, 1420, 1430, 1431, 1432, 1433, 1434, 1437, 1438, 1439, 1440, 1442, 1445, 1463, 1464, 1465, 1467, 1469, 1470, 1471, 1472, 1473, 1477, 1478, 1479, 1481, 1482, 1483, 1484, 1485, 1486, 1488, 1489, 1490, 1491, 1492, 1493, 1494, 1497], "summary": {"covered_lines": 560, "num_statements": 780, "percent_covered": 71.7948717948718, "percent_covered_display": "72", "missing_lines": 220, "excluded_lines": 0, "percent_statements_covered": 71.7948717948718, "percent_statements_covered_display": "72"}, "missing_lines": [70, 71, 76, 79, 84, 85, 86, 114, 115, 116, 173, 183, 184, 185, 190, 191, 193, 261, 262, 303, 304, 375, 376, 386, 394, 421, 422, 423, 424, 427, 428, 432, 459, 460, 463, 464, 480, 481, 485, 494, 495, 500, 505, 506, 508, 509, 510, 511, 512, 513, 515, 516, 517, 518, 519, 529, 530, 536, 542, 548, 550, 551, 552, 555, 556, 557, 558, 559, 560, 562, 563, 564, 565, 566, 567, 576, 577, 582, 585, 588, 591, 593, 594, 595, 596, 599, 601, 602, 603, 604, 605, 607, 611, 640, 641, 652, 653, 680, 681, 682, 688, 690, 691, 692, 694, 695, 707, 716, 717, 722, 723, 725, 726, 727, 729, 730, 731, 732, 733, 735, 736, 737, 738, 739, 747, 752, 792, 793, 816, 817, 822, 828, 831, 834, 835, 837, 843, 845, 846, 847, 848, 851, 852, 854, 855, 859, 860, 861, 862, 866, 867, 868, 869, 873, 874, 876, 877, 897, 898, 904, 905, 906, 912, 916, 930, 931, 973, 974, 980, 981, 982, 986, 1012, 1013, 1014, 1015, 1016, 1018, 1030, 1033, 1058, 1059, 1065, 1066, 1067, 1073, 1077, 1084, 1085, 1089, 1098, 1099, 1113, 1117, 1119, 1121, 1123, 1131, 1133, 1135, 1139, 1141, 1145, 1353, 1355, 1356, 1390, 1396, 1397, 1398, 1399, 1400, 1401, 1402, 1404, 1410, 1417, 1436, 1443, 1498], "excluded_lines": [], "functions": {"_handshakes_command": {"executed_lines": [52, 53, 58, 61, 62, 64, 65, 66, 67, 68, 69, 78, 80, 81, 82, 83, 87, 88], "summary": {"covered_lines": 18, "num_statements": 25, "percent_covered": 72.0, "percent_covered_display": "72", "missing_lines": 7, "excluded_lines": 0, "percent_statements_covered": 72.0, "percent_statements_covered_display": "72"}, "missing_lines": [70, 71, 76, 79, 84, 85, 86], "excluded_lines": [], "start_line": 50}, "_mcp_command": {"executed_lines": [97, 98, 103, 104, 106, 107, 108, 110, 112, 113, 118, 119, 120, 121, 124, 126, 127, 128, 129, 130, 132, 133, 140], "summary": {"covered_lines": 23, "num_statements": 26, "percent_covered": 88.46153846153847, "percent_covered_display": "88", "missing_lines": 3, "excluded_lines": 0, "percent_statements_covered": 88.46153846153847, "percent_statements_covered_display": "88"}, "missing_lines": [114, 115, 116], "excluded_lines": [], "start_line": 91}, "_retrieval_command": {"executed_lines": [150, 151, 157, 158, 165, 166, 168, 169, 170, 172, 175, 176, 177, 179, 181, 182, 187, 188, 189, 195, 196, 197, 198, 200, 201, 202, 203, 205, 206, 219], "summary": {"covered_lines": 30, "num_statements": 37, "percent_covered": 81.08108108108108, "percent_covered_display": "81", "missing_lines": 7, "excluded_lines": 0, "percent_statements_covered": 81.08108108108108, "percent_statements_covered_display": "81"}, "missing_lines": [173, 183, 184, 185, 190, 191, 193], "excluded_lines": [], "start_line": 143}, "_report_command": {"executed_lines": [228, 229, 232, 233, 239, 244, 245, 247, 248, 249, 250, 251, 253, 254, 255, 256, 257, 259, 264, 265, 266, 267, 269, 270, 271, 272], "summary": {"covered_lines": 26, "num_statements": 28, "percent_covered": 92.85714285714286, "percent_covered_display": "93", "missing_lines": 2, "excluded_lines": 0, "percent_statements_covered": 92.85714285714286, "percent_statements_covered_display": "93"}, "missing_lines": [261, 262], "excluded_lines": [], "start_line": 222}, "_diff_command": {"executed_lines": [281, 282, 288, 289, 295, 296, 298, 299, 300, 302, 306, 307, 308, 310, 311, 312, 313, 315, 319, 320, 321, 323, 324, 326, 327, 328, 329, 330, 331, 332, 334], "summary": {"covered_lines": 31, "num_statements": 33, "percent_covered": 93.93939393939394, "percent_covered_display": "94", "missing_lines": 2, "excluded_lines": 0, "percent_statements_covered": 93.93939393939394, "percent_statements_covered_display": "94"}, "missing_lines": [303, 304], "excluded_lines": [], "start_line": 275}, "_explain_command": {"executed_lines": [345, 346, 347, 350, 351, 353, 354, 355, 357, 358, 359, 360, 361, 362, 363, 365, 370, 371, 372, 373, 374, 377, 379, 380, 381, 382, 383, 384, 385, 388, 389, 390, 391, 392, 393, 395, 396], "summary": {"covered_lines": 37, "num_statements": 41, "percent_covered": 90.2439024390244, "percent_covered_display": "90", "missing_lines": 4, "excluded_lines": 0, "percent_statements_covered": 90.2439024390244, "percent_statements_covered_display": "90"}, "missing_lines": [375, 376, 386, 394], "excluded_lines": [], "start_line": 337}, "_skills_command": {"executed_lines": [401, 402, 403, 404, 405, 410, 411, 412, 413, 414, 415, 416, 417, 418, 419, 420], "summary": {"covered_lines": 16, "num_statements": 23, "percent_covered": 69.56521739130434, "percent_covered_display": "70", "missing_lines": 7, "excluded_lines": 0, "percent_statements_covered": 69.56521739130434, "percent_statements_covered_display": "70"}, "missing_lines": [421, 422, 423, 424, 427, 428, 432], "excluded_lines": [], "start_line": 399}, "_refactor_command": {"executed_lines": [437, 438, 439, 440, 447, 452, 453, 455, 456, 457, 458, 462, 466, 467, 468, 473, 474, 478], "summary": {"covered_lines": 18, "num_statements": 25, "percent_covered": 72.0, "percent_covered_display": "72", "missing_lines": 7, "excluded_lines": 0, "percent_statements_covered": 72.0, "percent_statements_covered_display": "72"}, "missing_lines": [459, 460, 463, 464, 480, 481, 485], "excluded_lines": [], "start_line": 435}, "_docs_command": {"executed_lines": [], "summary": {"covered_lines": 0, "num_statements": 16, "percent_covered": 0.0, "percent_covered_display": "0", "missing_lines": 16, "excluded_lines": 0, "percent_statements_covered": 0.0, "percent_statements_covered_display": "0"}, "missing_lines": [494, 495, 500, 505, 506, 508, 509, 510, 511, 512, 513, 515, 516, 517, 518, 519], "excluded_lines": [], "start_line": 488}, "_init_command": {"executed_lines": [], "summary": {"covered_lines": 0, "num_statements": 20, "percent_covered": 0.0, "percent_covered_display": "0", "missing_lines": 20, "excluded_lines": 0, "percent_statements_covered": 0.0, "percent_statements_covered_display": "0"}, "missing_lines": [529, 530, 536, 542, 548, 550, 551, 552, 555, 556, 557, 558, 559, 560, 562, 563, 564, 565, 566, 567], "excluded_lines": [], "start_line": 522}, "_openapi_command": {"executed_lines": [], "summary": {"covered_lines": 0, "num_statements": 18, "percent_covered": 0.0, "percent_covered_display": "0", "missing_lines": 18, "excluded_lines": 0, "percent_statements_covered": 0.0, "percent_statements_covered_display": "0"}, "missing_lines": [576, 577, 582, 585, 588, 591, 593, 594, 595, 596, 599, 601, 602, 603, 604, 605, 607, 611], "excluded_lines": [], "start_line": 570}, "_plan_command": {"executed_lines": [620, 621, 623, 624, 625, 626, 628, 629, 632, 638, 639, 643, 644, 645, 646, 647, 648, 649, 650, 651, 654, 655, 656, 659, 660, 662, 665, 666, 667, 668, 669, 670], "summary": {"covered_lines": 32, "num_statements": 36, "percent_covered": 88.88888888888889, "percent_covered_display": "89", "missing_lines": 4, "excluded_lines": 0, "percent_statements_covered": 88.88888888888889, "percent_statements_covered_display": "89"}, "missing_lines": [640, 641, 652, 653], "excluded_lines": [], "start_line": 614}, "_plan_command._noop_executor": {"executed_lines": [663], "summary": {"covered_lines": 1, "num_statements": 1, "percent_covered": 100.0, "percent_covered_display": "100", "missing_lines": 0, "excluded_lines": 0, "percent_statements_covered": 100.0, "percent_statements_covered_display": "100"}, "missing_lines": [], "excluded_lines": [], "start_line": 662}, "_doctor_command": {"executed_lines": [], "summary": {"covered_lines": 0, "num_statements": 10, "percent_covered": 0.0, "percent_covered_display": "0", "missing_lines": 10, "excluded_lines": 0, "percent_statements_covered": 0.0, "percent_statements_covered_display": "0"}, "missing_lines": [680, 681, 682, 688, 690, 691, 692, 694, 695, 707], "excluded_lines": [], "start_line": 673}, "_load_bearing_command": {"executed_lines": [], "summary": {"covered_lines": 0, "num_statements": 19, "percent_covered": 0.0, "percent_covered_display": "0", "missing_lines": 19, "excluded_lines": 0, "percent_statements_covered": 0.0, "percent_statements_covered_display": "0"}, "missing_lines": [716, 717, 722, 723, 725, 726, 727, 729, 730, 731, 732, 733, 735, 736, 737, 738, 739, 747, 752], "excluded_lines": [], "start_line": 710}, "_novelty_command": {"executed_lines": [763, 764, 769, 775, 776, 778, 779, 780, 782, 783, 784, 786, 787, 791, 795, 796, 797, 798, 799, 800, 801, 806], "summary": {"covered_lines": 22, "num_statements": 24, "percent_covered": 91.66666666666667, "percent_covered_display": "92", "missing_lines": 2, "excluded_lines": 0, "percent_statements_covered": 91.66666666666667, "percent_statements_covered_display": "92"}, "missing_lines": [792, 793], "excluded_lines": [], "start_line": 755}, "_coverage_command": {"executed_lines": [], "summary": {"covered_lines": 0, "num_statements": 29, "percent_covered": 0.0, "percent_covered_display": "0", "missing_lines": 29, "excluded_lines": 0, "percent_statements_covered": 0.0, "percent_statements_covered_display": "0"}, "missing_lines": [816, 817, 822, 828, 831, 834, 835, 837, 843, 845, 846, 847, 848, 851, 852, 854, 855, 859, 860, 861, 862, 866, 867, 868, 869, 873, 874, 876, 877], "excluded_lines": [], "start_line": 809}, "_whisper_command": {"executed_lines": [887, 888, 889, 893, 894, 896, 900, 902, 903, 908, 909, 910, 911, 918, 923, 928, 929, 933, 934, 935, 936, 937, 940], "summary": {"covered_lines": 23, "num_statements": 32, "percent_covered": 71.875, "percent_covered_display": "72", "missing_lines": 9, "excluded_lines": 0, "percent_statements_covered": 71.875, "percent_statements_covered_display": "72"}, "missing_lines": [897, 898, 904, 905, 906, 912, 916, 930, 931], "excluded_lines": [], "start_line": 880}, "_auction_command": {"executed_lines": [950, 951, 956, 963, 969, 970, 972, 976, 978, 979, 984, 985, 987, 991, 992, 993, 995, 996, 1009, 1010], "summary": {"covered_lines": 20, "num_statements": 34, "percent_covered": 58.8235294117647, "percent_covered_display": "59", "missing_lines": 14, "excluded_lines": 0, "percent_statements_covered": 58.8235294117647, "percent_statements_covered_display": "59"}, "missing_lines": [973, 974, 980, 981, 982, 986, 1012, 1013, 1014, 1015, 1016, 1018, 1030, 1033], "excluded_lines": [], "start_line": 943}, "_fence_command": {"executed_lines": [1043, 1044, 1049, 1050, 1054, 1055, 1057, 1061, 1063, 1064, 1069, 1070, 1071, 1072, 1079, 1080, 1081, 1082, 1083, 1091, 1096, 1097, 1101, 1102, 1103, 1104, 1105, 1106, 1107], "summary": {"covered_lines": 29, "num_statements": 41, "percent_covered": 70.73170731707317, "percent_covered_display": "71", "missing_lines": 12, "excluded_lines": 0, "percent_statements_covered": 70.73170731707317, "percent_statements_covered_display": "71"}, "missing_lines": [1058, 1059, 1065, 1066, 1067, 1073, 1077, 1084, 1085, 1089, 1098, 1099], "excluded_lines": [], "start_line": 1036}, "main": {"executed_lines": [1112, 1114, 1115, 1116, 1118, 1120, 1122, 1124, 1125, 1126, 1127, 1128, 1129, 1130, 1132, 1134, 1136, 1137, 1138, 1140, 1142, 1143, 1144, 1146, 1147, 1148, 1149, 1150, 1151, 1152, 1159, 1165, 1171, 1176, 1182, 1187, 1192, 1197, 1202, 1208, 1213, 1218, 1223, 1228, 1235, 1241, 1247, 1253, 1258, 1263, 1269, 1274, 1280, 1285, 1290, 1292, 1293, 1295, 1297, 1298, 1299, 1300, 1304, 1305, 1307, 1308, 1309, 1310, 1311, 1312, 1315, 1317, 1318, 1319, 1320, 1322, 1323, 1325, 1326, 1328, 1329, 1330, 1331, 1332, 1338, 1339, 1340, 1341, 1342, 1343, 1344, 1347, 1350, 1352, 1358, 1359, 1360, 1361, 1362, 1363, 1364, 1366, 1367, 1368, 1369, 1373, 1374, 1375, 1376, 1377, 1378, 1379, 1380, 1381, 1382, 1386, 1387, 1389, 1392, 1393, 1394, 1395, 1403, 1405, 1406, 1407, 1408, 1409, 1411, 1412, 1413, 1414, 1415, 1416, 1419, 1420, 1430, 1431, 1432, 1433, 1434, 1437, 1438, 1439, 1440, 1442, 1445, 1463, 1464, 1465, 1467, 1469, 1470, 1471, 1472, 1473, 1477, 1478, 1479, 1481, 1482, 1483, 1484, 1485, 1486, 1488, 1489, 1490, 1491, 1492, 1493, 1494], "summary": {"covered_lines": 172, "num_statements": 198, "percent_covered": 86.86868686868686, "percent_covered_display": "87", "missing_lines": 26, "excluded_lines": 0, "percent_statements_covered": 86.86868686868686, "percent_statements_covered_display": "87"}, "missing_lines": [1113, 1117, 1119, 1121, 1123, 1131, 1133, 1135, 1139, 1141, 1145, 1353, 1355, 1356, 1390, 1396, 1397, 1398, 1399, 1400, 1401, 1402, 1404, 1410, 1417, 1436], "excluded_lines": [], "start_line": 1110}, "main._stream_callback": {"executed_lines": [], "summary": {"covered_lines": 0, "num_statements": 1, "percent_covered": 0.0, "percent_covered_display": "0", "missing_lines": 1, "excluded_lines": 0, "percent_statements_covered": 0.0, "percent_statements_covered_display": "0"}, "missing_lines": [1443], "excluded_lines": [], "start_line": 1442}, "": {"executed_lines": [2, 4, 5, 7, 9, 11, 12, 13, 14, 15, 17, 18, 19, 20, 21, 22, 23, 24, 25, 26, 27, 28, 29, 30, 31, 32, 33, 34, 35, 36, 37, 38, 39, 40, 41, 42, 43, 44, 45, 46, 47, 50, 91, 143, 222, 275, 337, 399, 435, 488, 522, 570, 614, 673, 710, 755, 809, 880, 943, 1036, 1110, 1497], "summary": {"covered_lines": 62, "num_statements": 63, "percent_covered": 98.41269841269842, "percent_covered_display": "98", "missing_lines": 1, "excluded_lines": 0, "percent_statements_covered": 98.41269841269842, "percent_statements_covered_display": "98"}, "missing_lines": [1498], "excluded_lines": [], "start_line": 1}}, "classes": {"": {"executed_lines": [2, 4, 5, 7, 9, 11, 12, 13, 14, 15, 17, 18, 19, 20, 21, 22, 23, 24, 25, 26, 27, 28, 29, 30, 31, 32, 33, 34, 35, 36, 37, 38, 39, 40, 41, 42, 43, 44, 45, 46, 47, 50, 52, 53, 58, 61, 62, 64, 65, 66, 67, 68, 69, 78, 80, 81, 82, 83, 87, 88, 91, 97, 98, 103, 104, 106, 107, 108, 110, 112, 113, 118, 119, 120, 121, 124, 126, 127, 128, 129, 130, 132, 133, 140, 143, 150, 151, 157, 158, 165, 166, 168, 169, 170, 172, 175, 176, 177, 179, 181, 182, 187, 188, 189, 195, 196, 197, 198, 200, 201, 202, 203, 205, 206, 219, 222, 228, 229, 232, 233, 239, 244, 245, 247, 248, 249, 250, 251, 253, 254, 255, 256, 257, 259, 264, 265, 266, 267, 269, 270, 271, 272, 275, 281, 282, 288, 289, 295, 296, 298, 299, 300, 302, 306, 307, 308, 310, 311, 312, 313, 315, 319, 320, 321, 323, 324, 326, 327, 328, 329, 330, 331, 332, 334, 337, 345, 346, 347, 350, 351, 353, 354, 355, 357, 358, 359, 360, 361, 362, 363, 365, 370, 371, 372, 373, 374, 377, 379, 380, 381, 382, 383, 384, 385, 388, 389, 390, 391, 392, 393, 395, 396, 399, 401, 402, 403, 404, 405, 410, 411, 412, 413, 414, 415, 416, 417, 418, 419, 420, 435, 437, 438, 439, 440, 447, 452, 453, 455, 456, 457, 458, 462, 466, 467, 468, 473, 474, 478, 488, 522, 570, 614, 620, 621, 623, 624, 625, 626, 628, 629, 632, 638, 639, 643, 644, 645, 646, 647, 648, 649, 650, 651, 654, 655, 656, 659, 660, 662, 663, 665, 666, 667, 668, 669, 670, 673, 710, 755, 763, 764, 769, 775, 776, 778, 779, 780, 782, 783, 784, 786, 787, 791, 795, 796, 797, 798, 799, 800, 801, 806, 809, 880, 887, 888, 889, 893, 894, 896, 900, 902, 903, 908, 909, 910, 911, 918, 923, 928, 929, 933, 934, 935, 936, 937, 940, 943, 950, 951, 956, 963, 969, 970, 972, 976, 978, 979, 984, 985, 987, 991, 992, 993, 995, 996, 1009, 1010, 1036, 1043, 1044, 1049, 1050, 1054, 1055, 1057, 1061, 1063, 1064, 1069, 1070, 1071, 1072, 1079, 1080, 1081, 1082, 1083, 1091, 1096, 1097, 1101, 1102, 1103, 1104, 1105, 1106, 1107, 1110, 1112, 1114, 1115, 1116, 1118, 1120, 1122, 1124, 1125, 1126, 1127, 1128, 1129, 1130, 1132, 1134, 1136, 1137, 1138, 1140, 1142, 1143, 1144, 1146, 1147, 1148, 1149, 1150, 1151, 1152, 1159, 1165, 1171, 1176, 1182, 1187, 1192, 1197, 1202, 1208, 1213, 1218, 1223, 1228, 1235, 1241, 1247, 1253, 1258, 1263, 1269, 1274, 1280, 1285, 1290, 1292, 1293, 1295, 1297, 1298, 1299, 1300, 1304, 1305, 1307, 1308, 1309, 1310, 1311, 1312, 1315, 1317, 1318, 1319, 1320, 1322, 1323, 1325, 1326, 1328, 1329, 1330, 1331, 1332, 1338, 1339, 1340, 1341, 1342, 1343, 1344, 1347, 1350, 1352, 1358, 1359, 1360, 1361, 1362, 1363, 1364, 1366, 1367, 1368, 1369, 1373, 1374, 1375, 1376, 1377, 1378, 1379, 1380, 1381, 1382, 1386, 1387, 1389, 1392, 1393, 1394, 1395, 1403, 1405, 1406, 1407, 1408, 1409, 1411, 1412, 1413, 1414, 1415, 1416, 1419, 1420, 1430, 1431, 1432, 1433, 1434, 1437, 1438, 1439, 1440, 1442, 1445, 1463, 1464, 1465, 1467, 1469, 1470, 1471, 1472, 1473, 1477, 1478, 1479, 1481, 1482, 1483, 1484, 1485, 1486, 1488, 1489, 1490, 1491, 1492, 1493, 1494, 1497], "summary": {"covered_lines": 560, "num_statements": 780, "percent_covered": 71.7948717948718, "percent_covered_display": "72", "missing_lines": 220, "excluded_lines": 0, "percent_statements_covered": 71.7948717948718, "percent_statements_covered_display": "72"}, "missing_lines": [70, 71, 76, 79, 84, 85, 86, 114, 115, 116, 173, 183, 184, 185, 190, 191, 193, 261, 262, 303, 304, 375, 376, 386, 394, 421, 422, 423, 424, 427, 428, 432, 459, 460, 463, 464, 480, 481, 485, 494, 495, 500, 505, 506, 508, 509, 510, 511, 512, 513, 515, 516, 517, 518, 519, 529, 530, 536, 542, 548, 550, 551, 552, 555, 556, 557, 558, 559, 560, 562, 563, 564, 565, 566, 567, 576, 577, 582, 585, 588, 591, 593, 594, 595, 596, 599, 601, 602, 603, 604, 605, 607, 611, 640, 641, 652, 653, 680, 681, 682, 688, 690, 691, 692, 694, 695, 707, 716, 717, 722, 723, 725, 726, 727, 729, 730, 731, 732, 733, 735, 736, 737, 738, 739, 747, 752, 792, 793, 816, 817, 822, 828, 831, 834, 835, 837, 843, 845, 846, 847, 848, 851, 852, 854, 855, 859, 860, 861, 862, 866, 867, 868, 869, 873, 874, 876, 877, 897, 898, 904, 905, 906, 912, 916, 930, 931, 973, 974, 980, 981, 982, 986, 1012, 1013, 1014, 1015, 1016, 1018, 1030, 1033, 1058, 1059, 1065, 1066, 1067, 1073, 1077, 1084, 1085, 1089, 1098, 1099, 1113, 1117, 1119, 1121, 1123, 1131, 1133, 1135, 1139, 1141, 1145, 1353, 1355, 1356, 1390, 1396, 1397, 1398, 1399, 1400, 1401, 1402, 1404, 1410, 1417, 1436, 1443, 1498], "excluded_lines": [], "start_line": 1}}}, "src\\rootact\\cli_toggles.py": {"executed_lines": [3, 5, 6, 9, 13, 15, 16, 17, 19, 22, 25, 26, 29, 30, 33, 36, 39, 42, 43, 44, 45, 46, 49, 50, 51, 52, 58, 59, 61, 63, 65, 67, 68], "summary": {"covered_lines": 33, "num_statements": 42, "percent_covered": 78.57142857142857, "percent_covered_display": "79", "missing_lines": 9, "excluded_lines": 0, "percent_statements_covered": 78.57142857142857, "percent_statements_covered_display": "79"}, "missing_lines": [40, 53, 54, 55, 56, 60, 62, 64, 66], "excluded_lines": [], "functions": {"parse_cli_args": {"executed_lines": [25, 26, 29, 30, 33, 36, 39, 42, 43, 44, 45, 46], "summary": {"covered_lines": 12, "num_statements": 13, "percent_covered": 92.3076923076923, "percent_covered_display": "92", "missing_lines": 1, "excluded_lines": 0, "percent_statements_covered": 92.3076923076923, "percent_statements_covered_display": "92"}, "missing_lines": [40], "excluded_lines": [], "start_line": 22}, "main": {"executed_lines": [50, 51, 52, 58, 59, 61, 63, 65, 67, 68], "summary": {"covered_lines": 10, "num_statements": 18, "percent_covered": 55.55555555555556, "percent_covered_display": "56", "missing_lines": 8, "excluded_lines": 0, "percent_statements_covered": 55.55555555555556, "percent_statements_covered_display": "56"}, "missing_lines": [53, 54, 55, 56, 60, 62, 64, 66], "excluded_lines": [], "start_line": 49}, "": {"executed_lines": [3, 5, 6, 9, 13, 15, 16, 17, 19, 22, 49], "summary": {"covered_lines": 11, "num_statements": 11, "percent_covered": 100.0, "percent_covered_display": "100", "missing_lines": 0, "excluded_lines": 0, "percent_statements_covered": 100.0, "percent_statements_covered_display": "100"}, "missing_lines": [], "excluded_lines": [], "start_line": 1}}, "classes": {"_RootKnotType": {"executed_lines": [], "summary": {"covered_lines": 0, "num_statements": 0, "percent_covered": 100.0, "percent_covered_display": "100", "missing_lines": 0, "excluded_lines": 0, "percent_statements_covered": 100.0, "percent_statements_covered_display": "100"}, "missing_lines": [], "excluded_lines": [], "start_line": 9}, "": {"executed_lines": [3, 5, 6, 9, 13, 15, 16, 17, 19, 22, 25, 26, 29, 30, 33, 36, 39, 42, 43, 44, 45, 46, 49, 50, 51, 52, 58, 59, 61, 63, 65, 67, 68], "summary": {"covered_lines": 33, "num_statements": 42, "percent_covered": 78.57142857142857, "percent_covered_display": "79", "missing_lines": 9, "excluded_lines": 0, "percent_statements_covered": 78.57142857142857, "percent_statements_covered_display": "79"}, "missing_lines": [40, 53, 54, 55, 56, 60, 62, 64, 66], "excluded_lines": [], "start_line": 1}}}, "src\\rootact\\code_review_mode.py": {"executed_lines": [1, 3, 4, 6, 7, 8, 10, 12, 15, 16, 19, 20, 21, 22, 23, 24, 27, 35, 78, 81, 82, 83, 85, 87, 88, 89, 90, 91, 92, 93, 94, 95, 98, 99, 100, 101, 102, 103, 110, 111, 112, 113, 115, 117, 118, 119, 120, 121, 122, 123, 124, 125, 136, 137, 144, 145, 154, 155, 156, 157, 158, 159, 160, 161, 164], "summary": {"covered_lines": 65, "num_statements": 67, "percent_covered": 97.01492537313433, "percent_covered_display": "97", "missing_lines": 2, "excluded_lines": 0, "percent_statements_covered": 97.01492537313433, "percent_statements_covered_display": "97"}, "missing_lines": [96, 97], "excluded_lines": [], "functions": {"CodeReviewMode.__init__": {"executed_lines": [81, 82, 83], "summary": {"covered_lines": 3, "num_statements": 3, "percent_covered": 100.0, "percent_covered_display": "100", "missing_lines": 0, "excluded_lines": 0, "percent_statements_covered": 100.0, "percent_statements_covered_display": "100"}, "missing_lines": [], "excluded_lines": [], "start_line": 78}, "CodeReviewMode.parse_diff": {"executed_lines": [87, 88, 89, 90, 91, 92, 93, 94, 95, 98, 99, 100, 101, 102, 103, 110, 111, 112, 113], "summary": {"covered_lines": 19, "num_statements": 21, "percent_covered": 90.47619047619048, "percent_covered_display": "90", "missing_lines": 2, "excluded_lines": 0, "percent_statements_covered": 90.47619047619048, "percent_statements_covered_display": "90"}, "missing_lines": [96, 97], "excluded_lines": [], "start_line": 85}, "CodeReviewMode.review": {"executed_lines": [117, 118, 119, 120, 121, 122, 123, 124, 125, 136, 137], "summary": {"covered_lines": 11, "num_statements": 11, "percent_covered": 100.0, "percent_covered_display": "100", "missing_lines": 0, "excluded_lines": 0, "percent_statements_covered": 100.0, "percent_statements_covered_display": "100"}, "missing_lines": [], "excluded_lines": [], "start_line": 115}, "CodeReviewMode._comment_to_dict": {"executed_lines": [145], "summary": {"covered_lines": 1, "num_statements": 1, "percent_covered": 100.0, "percent_covered_display": "100", "missing_lines": 0, "excluded_lines": 0, "percent_statements_covered": 100.0, "percent_statements_covered_display": "100"}, "missing_lines": [], "excluded_lines": [], "start_line": 144}, "CodeReviewMode._summarize": {"executed_lines": [155, 156, 157, 158, 159, 160, 161], "summary": {"covered_lines": 7, "num_statements": 7, "percent_covered": 100.0, "percent_covered_display": "100", "missing_lines": 0, "excluded_lines": 0, "percent_statements_covered": 100.0, "percent_statements_covered_display": "100"}, "missing_lines": [], "excluded_lines": [], "start_line": 154}, "": {"executed_lines": [1, 3, 4, 6, 7, 8, 10, 12, 15, 16, 19, 20, 21, 22, 23, 24, 27, 35, 78, 85, 115, 144, 154, 164], "summary": {"covered_lines": 24, "num_statements": 24, "percent_covered": 100.0, "percent_covered_display": "100", "missing_lines": 0, "excluded_lines": 0, "percent_statements_covered": 100.0, "percent_statements_covered_display": "100"}, "missing_lines": [], "excluded_lines": [], "start_line": 1}}, "classes": {"ReviewComment": {"executed_lines": [], "summary": {"covered_lines": 0, "num_statements": 0, "percent_covered": 100.0, "percent_covered_display": "100", "missing_lines": 0, "excluded_lines": 0, "percent_statements_covered": 100.0, "percent_statements_covered_display": "100"}, "missing_lines": [], "excluded_lines": [], "start_line": 16}, "CodeReviewMode": {"executed_lines": [81, 82, 83, 87, 88, 89, 90, 91, 92, 93, 94, 95, 98, 99, 100, 101, 102, 103, 110, 111, 112, 113, 117, 118, 119, 120, 121, 122, 123, 124, 125, 136, 137, 145, 155, 156, 157, 158, 159, 160, 161], "summary": {"covered_lines": 41, "num_statements": 43, "percent_covered": 95.34883720930233, "percent_covered_display": "95", "missing_lines": 2, "excluded_lines": 0, "percent_statements_covered": 95.34883720930233, "percent_statements_covered_display": "95"}, "missing_lines": [96, 97], "excluded_lines": [], "start_line": 27}, "": {"executed_lines": [1, 3, 4, 6, 7, 8, 10, 12, 15, 16, 19, 20, 21, 22, 23, 24, 27, 35, 78, 85, 115, 144, 154, 164], "summary": {"covered_lines": 24, "num_statements": 24, "percent_covered": 100.0, "percent_covered_display": "100", "missing_lines": 0, "excluded_lines": 0, "percent_statements_covered": 100.0, "percent_statements_covered_display": "100"}, "missing_lines": [], "excluded_lines": [], "start_line": 1}}}, "src\\rootact\\codebase_historian.py": {"executed_lines": [2, 4, 5, 7, 9, 19, 20, 21, 22, 23, 24, 26, 29, 30, 33, 34, 35, 36, 37, 38, 39, 40, 43, 52, 53, 54, 55, 57, 59, 60, 61, 63, 65, 66, 68, 69, 70, 71, 72, 74, 75, 76, 78, 79, 81, 83, 84, 99, 100, 101, 102, 104, 105, 108, 109, 110, 111, 112, 113, 114, 115, 116, 117, 118, 119, 120, 121, 123, 126, 133, 139, 140, 142, 143, 144, 145, 146, 148, 149, 150, 151, 152, 153, 163, 165, 166, 168, 170, 174, 176, 177, 179, 180, 181, 182, 183, 192, 193, 196, 198, 201, 202, 205], "summary": {"covered_lines": 103, "num_statements": 108, "percent_covered": 95.37037037037037, "percent_covered_display": "95", "missing_lines": 5, "excluded_lines": 0, "percent_statements_covered": 95.37037037037037, "percent_statements_covered_display": "95"}, "missing_lines": [73, 106, 122, 124, 147], "excluded_lines": [], "functions": {"CodebaseHistorian.__init__": {"executed_lines": [53, 54, 55], "summary": {"covered_lines": 3, "num_statements": 3, "percent_covered": 100.0, "percent_covered_display": "100", "missing_lines": 0, "excluded_lines": 0, "percent_statements_covered": 100.0, "percent_statements_covered_display": "100"}, "missing_lines": [], "excluded_lines": [], "start_line": 52}, "CodebaseHistorian.build": {"executed_lines": [59, 60, 61], "summary": {"covered_lines": 3, "num_statements": 3, "percent_covered": 100.0, "percent_covered_display": "100", "missing_lines": 0, "excluded_lines": 0, "percent_statements_covered": 100.0, "percent_statements_covered_display": "100"}, "missing_lines": [], "excluded_lines": [], "start_line": 57}, "CodebaseHistorian._load_commit_context": {"executed_lines": [65, 66, 68, 69, 70, 71, 72, 74, 75, 76], "summary": {"covered_lines": 10, "num_statements": 11, "percent_covered": 90.9090909090909, "percent_covered_display": "91", "missing_lines": 1, "excluded_lines": 0, "percent_statements_covered": 90.9090909090909, "percent_statements_covered_display": "91"}, "missing_lines": [73], "excluded_lines": [], "start_line": 63}, "CodebaseHistorian._has_git": {"executed_lines": [79], "summary": {"covered_lines": 1, "num_statements": 1, "percent_covered": 100.0, "percent_covered_display": "100", "missing_lines": 0, "excluded_lines": 0, "percent_statements_covered": 100.0, "percent_statements_covered_display": "100"}, "missing_lines": [], "excluded_lines": [], "start_line": 78}, "CodebaseHistorian._blame_line": {"executed_lines": [83, 84, 99, 100, 101, 102, 104, 105, 108, 109, 110, 111, 112, 113, 114, 115, 116, 117, 118, 119, 120, 121, 123, 126], "summary": {"covered_lines": 24, "num_statements": 27, "percent_covered": 88.88888888888889, "percent_covered_display": "89", "missing_lines": 3, "excluded_lines": 0, "percent_statements_covered": 88.88888888888889, "percent_statements_covered_display": "89"}, "missing_lines": [106, 122, 124], "excluded_lines": [], "start_line": 81}, "CodebaseHistorian.query": {"executed_lines": [139, 140, 142, 143, 144, 145, 146, 148, 149, 150, 151, 152, 153, 163, 165, 166], "summary": {"covered_lines": 16, "num_statements": 17, "percent_covered": 94.11764705882354, "percent_covered_display": "94", "missing_lines": 1, "excluded_lines": 0, "percent_statements_covered": 94.11764705882354, "percent_statements_covered_display": "94"}, "missing_lines": [147], "excluded_lines": [], "start_line": 133}, "CodebaseHistorian.save": {"executed_lines": [170, 174], "summary": {"covered_lines": 2, "num_statements": 2, "percent_covered": 100.0, "percent_covered_display": "100", "missing_lines": 0, "excluded_lines": 0, "percent_statements_covered": 100.0, "percent_statements_covered_display": "100"}, "missing_lines": [], "excluded_lines": [], "start_line": 168}, "CodebaseHistorian.load": {"executed_lines": [179, 180, 181, 182, 183, 192, 193], "summary": {"covered_lines": 7, "num_statements": 7, "percent_covered": 100.0, "percent_covered_display": "100", "missing_lines": 0, "excluded_lines": 0, "percent_statements_covered": 100.0, "percent_statements_covered_display": "100"}, "missing_lines": [], "excluded_lines": [], "start_line": 177}, "_tokenize": {"executed_lines": [198], "summary": {"covered_lines": 1, "num_statements": 1, "percent_covered": 100.0, "percent_covered_display": "100", "missing_lines": 0, "excluded_lines": 0, "percent_statements_covered": 100.0, "percent_statements_covered_display": "100"}, "missing_lines": [], "excluded_lines": [], "start_line": 196}, "_module_to_path": {"executed_lines": [202], "summary": {"covered_lines": 1, "num_statements": 1, "percent_covered": 100.0, "percent_covered_display": "100", "missing_lines": 0, "excluded_lines": 0, "percent_statements_covered": 100.0, "percent_statements_covered_display": "100"}, "missing_lines": [], "excluded_lines": [], "start_line": 201}, "": {"executed_lines": [2, 4, 5, 7, 9, 19, 20, 21, 22, 23, 24, 26, 29, 30, 33, 34, 35, 36, 37, 38, 39, 40, 43, 52, 57, 63, 78, 81, 133, 168, 176, 177, 196, 201, 205], "summary": {"covered_lines": 35, "num_statements": 35, "percent_covered": 100.0, "percent_covered_display": "100", "missing_lines": 0, "excluded_lines": 0, "percent_statements_covered": 100.0, "percent_statements_covered_display": "100"}, "missing_lines": [], "excluded_lines": [], "start_line": 1}}, "classes": {"HistoricalMatch": {"executed_lines": [], "summary": {"covered_lines": 0, "num_statements": 0, "percent_covered": 100.0, "percent_covered_display": "100", "missing_lines": 0, "excluded_lines": 0, "percent_statements_covered": 100.0, "percent_statements_covered_display": "100"}, "missing_lines": [], "excluded_lines": [], "start_line": 30}, "CodebaseHistorian": {"executed_lines": [53, 54, 55, 59, 60, 61, 65, 66, 68, 69, 70, 71, 72, 74, 75, 76, 79, 83, 84, 99, 100, 101, 102, 104, 105, 108, 109, 110, 111, 112, 113, 114, 115, 116, 117, 118, 119, 120, 121, 123, 126, 139, 140, 142, 143, 144, 145, 146, 148, 149, 150, 151, 152, 153, 163, 165, 166, 170, 174, 179, 180, 181, 182, 183, 192, 193], "summary": {"covered_lines": 66, "num_statements": 71, "percent_covered": 92.95774647887323, "percent_covered_display": "93", "missing_lines": 5, "excluded_lines": 0, "percent_statements_covered": 92.95774647887323, "percent_statements_covered_display": "93"}, "missing_lines": [73, 106, 122, 124, 147], "excluded_lines": [], "start_line": 43}, "": {"executed_lines": [2, 4, 5, 7, 9, 19, 20, 21, 22, 23, 24, 26, 29, 30, 33, 34, 35, 36, 37, 38, 39, 40, 43, 52, 57, 63, 78, 81, 133, 168, 176, 177, 196, 198, 201, 202, 205], "summary": {"covered_lines": 37, "num_statements": 37, "percent_covered": 100.0, "percent_covered_display": "100", "missing_lines": 0, "excluded_lines": 0, "percent_statements_covered": 100.0, "percent_statements_covered_display": "100"}, "missing_lines": [], "excluded_lines": [], "start_line": 1}}}, "src\\rootact\\compression_novelty_detector.py": {"executed_lines": [2, 4, 5, 7, 9, 23, 24, 25, 26, 28, 31, 32, 35, 36, 37, 38, 39, 40, 41, 42, 45, 48, 49, 50, 51, 52, 53, 54, 55, 56, 70, 71, 72, 73, 74, 76, 78, 80, 88, 89, 90, 93, 94, 96, 98, 99, 102, 103, 104, 105, 107, 108, 109, 110, 111, 112, 113, 114, 115, 116, 118, 125, 126, 128, 129, 130, 135, 136, 137, 138, 140, 141, 144, 145, 147, 148, 150, 152, 153, 155, 157, 159, 160, 161, 162, 163, 165, 175, 176, 177, 178, 180, 181, 183, 184, 186, 189, 196, 197, 199, 209, 213, 215, 216, 218, 219, 221, 222, 224, 225, 226, 227, 228, 229, 234, 235, 237, 247, 252, 254, 264, 265, 268, 269, 270, 271, 272, 276, 282, 283, 300, 301, 302, 305, 306, 307, 308, 309, 310, 311, 312, 313, 314, 321, 322, 323, 325, 336, 347, 353, 354, 356, 357, 360, 361, 363, 377, 378, 381, 382, 383, 385, 386, 389, 390, 392, 393, 395, 397, 410, 412, 413, 414, 415, 416, 418, 419, 422, 423, 424, 425, 427, 428, 429, 430, 432, 446, 448, 453, 455, 456, 458, 459, 462, 463, 464, 473], "summary": {"covered_lines": 197, "num_statements": 248, "percent_covered": 79.43548387096774, "percent_covered_display": "79", "missing_lines": 51, "excluded_lines": 0, "percent_statements_covered": 79.43548387096774, "percent_statements_covered_display": "79"}, "missing_lines": [91, 95, 97, 100, 101, 133, 134, 151, 158, 179, 182, 187, 188, 190, 191, 214, 217, 220, 266, 273, 274, 315, 316, 319, 338, 339, 340, 341, 342, 343, 344, 345, 355, 358, 359, 379, 380, 384, 391, 394, 411, 417, 420, 421, 426, 441, 444, 454, 457, 460, 461], "excluded_lines": [], "functions": {"CompressionNoveltyDetector.__init__": {"executed_lines": [71, 72, 73, 74], "summary": {"covered_lines": 4, "num_statements": 4, "percent_covered": 100.0, "percent_covered_display": "100", "missing_lines": 0, "excluded_lines": 0, "percent_statements_covered": 100.0, "percent_statements_covered_display": "100"}, "missing_lines": [], "excluded_lines": [], "start_line": 70}, "CompressionNoveltyDetector._should_skip": {"executed_lines": [78], "summary": {"covered_lines": 1, "num_statements": 1, "percent_covered": 100.0, "percent_covered_display": "100", "missing_lines": 0, "excluded_lines": 0, "percent_statements_covered": 100.0, "percent_statements_covered_display": "100"}, "missing_lines": [], "excluded_lines": [], "start_line": 76}, "CompressionNoveltyDetector._collect_samples": {"executed_lines": [88, 89, 90, 93, 94, 96, 98, 99, 102, 103, 104, 105, 107, 108, 109, 110, 111, 112, 113, 114, 115, 116], "summary": {"covered_lines": 22, "num_statements": 27, "percent_covered": 81.48148148148148, "percent_covered_display": "81", "missing_lines": 5, "excluded_lines": 0, "percent_statements_covered": 81.48148148148148, "percent_statements_covered_display": "81"}, "missing_lines": [91, 95, 97, 100, 101], "excluded_lines": [], "start_line": 80}, "CompressionNoveltyDetector._train_dictionary": {"executed_lines": [125, 126, 128, 129, 130, 135, 136, 137, 138, 140, 141, 144, 145], "summary": {"covered_lines": 13, "num_statements": 15, "percent_covered": 86.66666666666667, "percent_covered_display": "87", "missing_lines": 2, "excluded_lines": 0, "percent_statements_covered": 86.66666666666667, "percent_statements_covered_display": "87"}, "missing_lines": [133, 134], "excluded_lines": [], "start_line": 118}, "CompressionNoveltyDetector._compress_without_dict": {"executed_lines": [150, 152, 153], "summary": {"covered_lines": 3, "num_statements": 4, "percent_covered": 75.0, "percent_covered_display": "75", "missing_lines": 1, "excluded_lines": 0, "percent_statements_covered": 75.0, "percent_statements_covered_display": "75"}, "missing_lines": [151], "excluded_lines": [], "start_line": 148}, "CompressionNoveltyDetector._compress_with_dict": {"executed_lines": [157, 159, 160, 161, 162, 163], "summary": {"covered_lines": 6, "num_statements": 7, "percent_covered": 85.71428571428571, "percent_covered_display": "86", "missing_lines": 1, "excluded_lines": 0, "percent_statements_covered": 85.71428571428571, "percent_statements_covered_display": "86"}, "missing_lines": [158], "excluded_lines": [], "start_line": 155}, "CompressionNoveltyDetector.score": {"executed_lines": [175, 176, 177, 178, 180, 181, 183, 184, 186, 189, 196, 197, 199], "summary": {"covered_lines": 13, "num_statements": 19, "percent_covered": 68.42105263157895, "percent_covered_display": "68", "missing_lines": 6, "excluded_lines": 0, "percent_statements_covered": 68.42105263157895, "percent_statements_covered_display": "68"}, "missing_lines": [179, 182, 187, 188, 190, 191], "excluded_lines": [], "start_line": 165}, "CompressionNoveltyDetector._score_with_dict": {"executed_lines": [213, 215, 216, 218, 219, 221, 222, 224, 225, 226, 227, 228, 229, 234, 235, 237], "summary": {"covered_lines": 16, "num_statements": 19, "percent_covered": 84.21052631578948, "percent_covered_display": "84", "missing_lines": 3, "excluded_lines": 0, "percent_statements_covered": 84.21052631578948, "percent_statements_covered_display": "84"}, "missing_lines": [214, 217, 220], "excluded_lines": [], "start_line": 209}, "CompressionNoveltyDetector.assess_new_artifact": {"executed_lines": [252], "summary": {"covered_lines": 1, "num_statements": 1, "percent_covered": 100.0, "percent_covered_display": "100", "missing_lines": 0, "excluded_lines": 0, "percent_statements_covered": 100.0, "percent_statements_covered_display": "100"}, "missing_lines": [], "excluded_lines": [], "start_line": 247}, "CompressionNoveltyDetector._assess_with_dict": {"executed_lines": [264, 265, 268, 269, 270, 271, 272, 276, 282, 283, 300, 301, 302, 305, 306, 307, 308, 309, 310, 311, 312, 313, 314, 321, 322, 323, 325], "summary": {"covered_lines": 27, "num_statements": 33, "percent_covered": 81.81818181818181, "percent_covered_display": "82", "missing_lines": 6, "excluded_lines": 0, "percent_statements_covered": 81.81818181818181, "percent_statements_covered_display": "82"}, "missing_lines": [266, 273, 274, 315, 316, 319], "excluded_lines": [], "start_line": 254}, "CompressionNoveltyDetector.score_artifact": {"executed_lines": [], "summary": {"covered_lines": 0, "num_statements": 8, "percent_covered": 0.0, "percent_covered_display": "0", "missing_lines": 8, "excluded_lines": 0, "percent_statements_covered": 0.0, "percent_statements_covered_display": "0"}, "missing_lines": [338, 339, 340, 341, 342, 343, 344, 345], "excluded_lines": [], "start_line": 336}, "CompressionNoveltyDetector.score_artifact_leave_one_out": {"executed_lines": [353, 354, 356, 357, 360, 361], "summary": {"covered_lines": 6, "num_statements": 9, "percent_covered": 66.66666666666667, "percent_covered_display": "67", "missing_lines": 3, "excluded_lines": 0, "percent_statements_covered": 66.66666666666667, "percent_statements_covered_display": "67"}, "missing_lines": [355, 358, 359], "excluded_lines": [], "start_line": 347}, "CompressionNoveltyDetector._conditional_ratio": {"executed_lines": [377, 378, 381, 382, 383, 385, 386, 389, 390, 392, 393, 395], "summary": {"covered_lines": 12, "num_statements": 17, "percent_covered": 70.58823529411765, "percent_covered_display": "71", "missing_lines": 5, "excluded_lines": 0, "percent_statements_covered": 70.58823529411765, "percent_statements_covered_display": "71"}, "missing_lines": [379, 380, 384, 391, 394], "excluded_lines": [], "start_line": 363}, "CompressionNoveltyDetector._nearest_similar_artifact_with_ratio": {"executed_lines": [410, 412, 413, 414, 415, 416, 418, 419, 422, 423, 424, 425, 427, 428, 429, 430], "summary": {"covered_lines": 16, "num_statements": 21, "percent_covered": 76.19047619047619, "percent_covered_display": "76", "missing_lines": 5, "excluded_lines": 0, "percent_statements_covered": 76.19047619047619, "percent_statements_covered_display": "76"}, "missing_lines": [411, 417, 420, 421, 426], "excluded_lines": [], "start_line": 397}, "CompressionNoveltyDetector.nearest_similar_artifact": {"executed_lines": [], "summary": {"covered_lines": 0, "num_statements": 2, "percent_covered": 0.0, "percent_covered_display": "0", "missing_lines": 2, "excluded_lines": 0, "percent_statements_covered": 0.0, "percent_statements_covered_display": "0"}, "missing_lines": [441, 444], "excluded_lines": [], "start_line": 432}, "CompressionNoveltyDetector.scan_project": {"executed_lines": [448, 453, 455, 456, 458, 459, 462, 463, 464, 473], "summary": {"covered_lines": 10, "num_statements": 14, "percent_covered": 71.42857142857143, "percent_covered_display": "71", "missing_lines": 4, "excluded_lines": 0, "percent_statements_covered": 71.42857142857143, "percent_statements_covered_display": "71"}, "missing_lines": [454, 457, 460, 461], "excluded_lines": [], "start_line": 446}, "": {"executed_lines": [2, 4, 5, 7, 9, 23, 24, 25, 26, 28, 31, 32, 35, 36, 37, 38, 39, 40, 41, 42, 45, 48, 49, 50, 51, 52, 53, 54, 55, 56, 70, 76, 80, 118, 147, 148, 155, 165, 209, 247, 254, 336, 347, 363, 397, 432, 446], "summary": {"covered_lines": 47, "num_statements": 47, "percent_covered": 100.0, "percent_covered_display": "100", "missing_lines": 0, "excluded_lines": 0, "percent_statements_covered": 100.0, "percent_statements_covered_display": "100"}, "missing_lines": [], "excluded_lines": [], "start_line": 1}}, "classes": {"NoveltyScore": {"executed_lines": [], "summary": {"covered_lines": 0, "num_statements": 0, "percent_covered": 100.0, "percent_covered_display": "100", "missing_lines": 0, "excluded_lines": 0, "percent_statements_covered": 100.0, "percent_statements_covered_display": "100"}, "missing_lines": [], "excluded_lines": [], "start_line": 32}, "CompressionNoveltyDetector": {"executed_lines": [71, 72, 73, 74, 78, 88, 89, 90, 93, 94, 96, 98, 99, 102, 103, 104, 105, 107, 108, 109, 110, 111, 112, 113, 114, 115, 116, 125, 126, 128, 129, 130, 135, 136, 137, 138, 140, 141, 144, 145, 150, 152, 153, 157, 159, 160, 161, 162, 163, 175, 176, 177, 178, 180, 181, 183, 184, 186, 189, 196, 197, 199, 213, 215, 216, 218, 219, 221, 222, 224, 225, 226, 227, 228, 229, 234, 235, 237, 252, 264, 265, 268, 269, 270, 271, 272, 276, 282, 283, 300, 301, 302, 305, 306, 307, 308, 309, 310, 311, 312, 313, 314, 321, 322, 323, 325, 353, 354, 356, 357, 360, 361, 377, 378, 381, 382, 383, 385, 386, 389, 390, 392, 393, 395, 410, 412, 413, 414, 415, 416, 418, 419, 422, 423, 424, 425, 427, 428, 429, 430, 448, 453, 455, 456, 458, 459, 462, 463, 464, 473], "summary": {"covered_lines": 150, "num_statements": 201, "percent_covered": 74.6268656716418, "percent_covered_display": "75", "missing_lines": 51, "excluded_lines": 0, "percent_statements_covered": 74.6268656716418, "percent_statements_covered_display": "75"}, "missing_lines": [91, 95, 97, 100, 101, 133, 134, 151, 158, 179, 182, 187, 188, 190, 191, 214, 217, 220, 266, 273, 274, 315, 316, 319, 338, 339, 340, 341, 342, 343, 344, 345, 355, 358, 359, 379, 380, 384, 391, 394, 411, 417, 420, 421, 426, 441, 444, 454, 457, 460, 461], "excluded_lines": [], "start_line": 45}, "": {"executed_lines": [2, 4, 5, 7, 9, 23, 24, 25, 26, 28, 31, 32, 35, 36, 37, 38, 39, 40, 41, 42, 45, 48, 49, 50, 51, 52, 53, 54, 55, 56, 70, 76, 80, 118, 147, 148, 155, 165, 209, 247, 254, 336, 347, 363, 397, 432, 446], "summary": {"covered_lines": 47, "num_statements": 47, "percent_covered": 100.0, "percent_covered_display": "100", "missing_lines": 0, "excluded_lines": 0, "percent_statements_covered": 100.0, "percent_statements_covered_display": "100"}, "missing_lines": [], "excluded_lines": [], "start_line": 1}}}, "src\\rootact\\coverage_delta.py": {"executed_lines": [2, 4, 5, 7, 9, 17, 18, 19, 20, 21, 22, 24, 27, 28, 31, 32, 33, 34, 36, 44, 45, 48, 49, 50, 51, 52, 54, 65, 67, 68, 69, 71, 79, 81, 82, 83, 90, 91, 100, 101, 109, 117, 184, 192, 193, 195, 196, 197, 198, 199, 200, 202, 203, 205, 214], "summary": {"covered_lines": 55, "num_statements": 85, "percent_covered": 64.70588235294117, "percent_covered_display": "65", "missing_lines": 30, "excluded_lines": 0, "percent_statements_covered": 64.70588235294117, "percent_statements_covered_display": "65"}, "missing_lines": [37, 55, 56, 70, 92, 93, 102, 128, 129, 130, 138, 139, 147, 148, 155, 156, 164, 165, 166, 167, 168, 181, 221, 222, 223, 225, 226, 227, 229, 230], "excluded_lines": [], "functions": {"CoverageSnapshot.__str__": {"executed_lines": [], "summary": {"covered_lines": 0, "num_statements": 1, "percent_covered": 0.0, "percent_covered_display": "0", "missing_lines": 1, "excluded_lines": 0, "percent_statements_covered": 0.0, "percent_statements_covered_display": "0"}, "missing_lines": [37], "excluded_lines": [], "start_line": 36}, "CoverageDelta.__str__": {"executed_lines": [], "summary": {"covered_lines": 0, "num_statements": 2, "percent_covered": 0.0, "percent_covered_display": "0", "missing_lines": 2, "excluded_lines": 0, "percent_statements_covered": 0.0, "percent_statements_covered_display": "0"}, "missing_lines": [55, 56], "excluded_lines": [], "start_line": 54}, "_parse_coverage_json": {"executed_lines": [67, 68, 69, 71], "summary": {"covered_lines": 4, "num_statements": 5, "percent_covered": 80.0, "percent_covered_display": "80", "missing_lines": 1, "excluded_lines": 0, "percent_statements_covered": 80.0, "percent_statements_covered_display": "80"}, "missing_lines": [70], "excluded_lines": [], "start_line": 65}, "read_snapshot": {"executed_lines": [81, 82, 83, 90, 91, 100, 101, 109], "summary": {"covered_lines": 8, "num_statements": 11, "percent_covered": 72.72727272727273, "percent_covered_display": "73", "missing_lines": 3, "excluded_lines": 0, "percent_statements_covered": 72.72727272727273, "percent_statements_covered_display": "73"}, "missing_lines": [92, 93, 102], "excluded_lines": [], "
[...]
covered_lines": 6, "num_statements": 6, "percent_covered": 100.0, "percent_covered_display": "100", "missing_lines": 0, "excluded_lines": 0, "percent_statements_covered": 100.0, "percent_statements_covered_display": "100"}, "missing_lines": [], "excluded_lines": [], "start_line": 344}, "": {"executed_lines": [2, 4, 5, 7, 9, 21, 22, 23, 24, 26, 29, 30, 33, 34, 35, 36, 37, 38, 41, 42, 45, 46, 47, 48, 51, 55, 60, 66, 71, 75, 86, 114, 134, 181, 202, 221, 237, 270, 278, 303, 344], "summary": {"covered_lines": 41, "num_statements": 41, "percent_covered": 100.0, "percent_covered_display": "100", "missing_lines": 0, "excluded_lines": 0, "percent_statements_covered": 100.0, "percent_statements_covered_display": "100"}, "missing_lines": [], "excluded_lines": [], "start_line": 1}}, "classes": {"FailureCase": {"executed_lines": [], "summary": {"covered_lines": 0, "num_statements": 0, "percent_covered": 100.0, "percent_covered_display": "100", "missing_lines": 0, "excluded_lines": 0, "percent_statements_covered": 100.0, "percent_statements_covered_display": "100"}, "missing_lines": [], "excluded_lines": [], "start_line": 30}, "RepairIntent": {"executed_lines": [], "summary": {"covered_lines": 0, "num_statements": 0, "percent_covered": 100.0, "percent_covered_display": "100", "missing_lines": 0, "excluded_lines": 0, "percent_statements_covered": 100.0, "percent_statements_covered_display": "100"}, "missing_lines": [], "excluded_lines": [], "start_line": 42}, "TestFailureDiagnoser": {"executed_lines": [82, 83, 84, 88, 89, 90, 98, 99, 100, 101, 107, 119, 120, 121, 122, 123, 130, 131, 132, 136, 139, 140, 141, 142, 150, 151, 154, 155, 156, 157, 158, 162, 163, 164, 165, 166, 168, 179, 183, 184, 185, 186, 187, 188, 189, 190, 191, 192, 200, 204, 205, 209, 210, 211, 212, 213, 214, 215, 217, 218, 219, 223, 224, 225, 227, 228, 229, 230, 233, 234, 235, 240, 241, 242, 243, 244, 245, 246, 247, 250, 251, 252, 253, 254, 255, 256, 257, 258, 259, 260, 263, 264, 265, 266, 267, 268, 272, 273, 274, 275, 276, 280, 282, 283, 284, 286, 287, 288, 289, 290, 292, 293, 294, 297, 298, 307, 312, 313, 314, 315, 316, 317, 318, 319, 320, 321, 322, 323, 324, 326, 327, 328, 330, 342, 346, 347, 348, 349, 350, 351], "summary": {"covered_lines": 140, "num_statements": 141, "percent_covered": 99.29078014184397, "percent_covered_display": "99", "missing_lines": 1, "excluded_lines": 0, "percent_statements_covered": 99.29078014184397, "percent_statements_covered_display": "99"}, "missing_lines": [231], "excluded_lines": [], "start_line": 51}, "": {"executed_lines": [2, 4, 5, 7, 9, 21, 22, 23, 24, 26, 29, 30, 33, 34, 35, 36, 37, 38, 41, 42, 45, 46, 47, 48, 51, 55, 60, 66, 71, 75, 86, 114, 134, 181, 202, 221, 237, 270, 278, 303, 344], "summary": {"covered_lines": 41, "num_statements": 41, "percent_covered": 100.0, "percent_covered_display": "100", "missing_lines": 0, "excluded_lines": 0, "percent_statements_covered": 100.0, "percent_statements_covered_display": "100"}, "missing_lines": [], "excluded_lines": [], "start_line": 1}}}, "src\\rootact\\token_budget.py": {"executed_lines": [3, 5, 6, 8, 10, 13, 14, 24, 25, 26, 27, 28, 29, 31, 32, 33, 35, 36, 43, 45, 52, 53, 54, 55, 57, 63, 64, 66, 74, 75, 77, 78, 79, 80, 81, 82, 83, 84, 86, 87, 88, 90, 92, 94, 96, 98, 99, 100, 101, 102, 104, 106], "summary": {"covered_lines": 52, "num_statements": 53, "percent_covered": 98.11320754716981, "percent_covered_display": "98", "missing_lines": 1, "excluded_lines": 0, "percent_statements_covered": 98.11320754716981, "percent_statements_covered_display": "98"}, "missing_lines": [93], "excluded_lines": [], "functions": {"TokenBudget.__post_init__": {"executed_lines": [32, 33], "summary": {"covered_lines": 2, "num_statements": 2, "percent_covered": 100.0, "percent_covered_display": "100", "missing_lines": 0, "excluded_lines": 0, "percent_statements_covered": 100.0, "percent_statements_covered_display": "100"}, "missing_lines": [], "excluded_lines": [], "start_line": 31}, "TokenBudget.estimate_tokens": {"executed_lines": [43], "summary": {"covered_lines": 1, "num_statements": 1, "percent_covered": 100.0, "percent_covered_display": "100", "missing_lines": 0, "excluded_lines": 0, "percent_statements_covered": 100.0, "percent_statements_covered_display": "100"}, "missing_lines": [], "excluded_lines": [], "start_line": 36}, "TokenBudget.reserve": {"executed_lines": [52, 53, 54, 55], "summary": {"covered_lines": 4, "num_statements": 4, "percent_covered": 100.0, "percent_covered_display": "100", "missing_lines": 0, "excluded_lines": 0, "percent_statements_covered": 100.0, "percent_statements_covered_display": "100"}, "missing_lines": [], "excluded_lines": [], "start_line": 45}, "TokenBudget.add_file": {"executed_lines": [63, 64], "summary": {"covered_lines": 2, "num_statements": 2, "percent_covered": 100.0, "percent_covered_display": "100", "missing_lines": 0, "excluded_lines": 0, "percent_statements_covered": 100.0, "percent_statements_covered_display": "100"}, "missing_lines": [], "excluded_lines": [], "start_line": 57}, "TokenBudget.select": {"executed_lines": [74, 75, 77, 78, 79, 80, 81, 82, 83, 84, 86, 87, 88], "summary": {"covered_lines": 13, "num_statements": 13, "percent_covered": 100.0, "percent_covered_display": "100", "missing_lines": 0, "excluded_lines": 0, "percent_statements_covered": 100.0, "percent_statements_covered_display": "100"}, "missing_lines": [], "excluded_lines": [], "start_line": 66}, "TokenBudget.omitted": {"executed_lines": [92, 94], "summary": {"covered_lines": 2, "num_statements": 3, "percent_covered": 66.66666666666667, "percent_covered_display": "67", "missing_lines": 1, "excluded_lines": 0, "percent_statements_covered": 66.66666666666667, "percent_statements_covered_display": "67"}, "missing_lines": [93], "excluded_lines": [], "start_line": 90}, "TokenBudget.reset": {"executed_lines": [98, 99, 100, 101, 102], "summary": {"covered_lines": 5, "num_statements": 5, "percent_covered": 100.0, "percent_covered_display": "100", "missing_lines": 0, "excluded_lines": 0, "percent_statements_covered": 100.0, "percent_statements_covered_display": "100"}, "missing_lines": [], "excluded_lines": [], "start_line": 96}, "TokenBudget.__bool__": {"executed_lines": [106], "summary": {"covered_lines": 1, "num_statements": 1, "percent_covered": 100.0, "percent_covered_display": "100", "missing_lines": 0, "excluded_lines": 0, "percent_statements_covered": 100.0, "percent_statements_covered_display": "100"}, "missing_lines": [], "excluded_lines": [], "start_line": 104}, "": {"executed_lines": [3, 5, 6, 8, 10, 13, 14, 24, 25, 26, 27, 28, 29, 31, 35, 36, 45, 57, 66, 90, 96, 104], "summary": {"covered_lines": 22, "num_statements": 22, "percent_covered": 100.0, "percent_covered_display": "100", "missing_lines": 0, "excluded_lines": 0, "percent_statements_covered": 100.0, "percent_statements_covered_display": "100"}, "missing_lines": [], "excluded_lines": [], "start_line": 1}}, "classes": {"TokenBudget": {"executed_lines": [32, 33, 43, 52, 53, 54, 55, 63, 64, 74, 75, 77, 78, 79, 80, 81, 82, 83, 84, 86, 87, 88, 92, 94, 98, 99, 100, 101, 102, 106], "summary": {"covered_lines": 30, "num_statements": 31, "percent_covered": 96.7741935483871, "percent_covered_display": "97", "missing_lines": 1, "excluded_lines": 0, "percent_statements_covered": 96.7741935483871, "percent_statements_covered_display": "97"}, "missing_lines": [93], "excluded_lines": [], "start_line": 14}, "": {"executed_lines": [3, 5, 6, 8, 10, 13, 14, 24, 25, 26, 27, 28, 29, 31, 35, 36, 45, 57, 66, 90, 96, 104], "summary": {"covered_lines": 22, "num_statements": 22, "percent_covered": 100.0, "percent_covered_display": "100", "missing_lines": 0, "excluded_lines": 0, "percent_statements_covered": 100.0, "percent_statements_covered_display": "100"}, "missing_lines": [], "excluded_lines": [], "start_line": 1}}}, "src\\rootact\\tui.py": {"executed_lines": [2, 4, 5, 7, 9, 16, 17, 18, 20, 21, 22, 23, 26, 33, 34, 35, 36, 37, 38, 41, 44, 45, 46, 47, 48, 49, 50, 52, 53, 55, 56, 62, 63, 65, 66, 67, 69, 70, 72, 73, 75, 76, 80, 81, 85, 86, 90, 92, 97, 99, 101, 102, 103, 112, 113, 115, 116, 117, 118, 119, 120, 121, 123, 125, 126, 139, 141, 161, 162, 163, 167], "summary": {"covered_lines": 71, "num_statements": 71, "percent_covered": 100.0, "percent_covered_display": "100", "missing_lines": 0, "excluded_lines": 0, "percent_statements_covered": 100.0, "percent_statements_covered_display": "100"}, "missing_lines": [], "excluded_lines": [], "functions": {"_reconfigure_utf8": {"executed_lines": [33, 34, 35, 36, 37, 38], "summary": {"covered_lines": 6, "num_statements": 6, "percent_covered": 100.0, "percent_covered_display": "100", "missing_lines": 0, "excluded_lines": 0, "percent_statements_covered": 100.0, "percent_statements_covered_display": "100"}, "missing_lines": [], "excluded_lines": [], "start_line": 26}, "RactConsole.__init__": {"executed_lines": [53, 55, 56, 62, 63], "summary": {"covered_lines": 5, "num_statements": 5, "percent_covered": 100.0, "percent_covered_display": "100", "missing_lines": 0, "excluded_lines": 0, "percent_statements_covered": 100.0, "percent_statements_covered_display": "100"}, "missing_lines": [], "excluded_lines": [], "start_line": 52}, "RactConsole.console": {"executed_lines": [67], "summary": {"covered_lines": 1, "num_statements": 1, "percent_covered": 100.0, "percent_covered_display": "100", "missing_lines": 0, "excluded_lines": 0, "percent_statements_covered": 100.0, "percent_statements_covered_display": "100"}, "missing_lines": [], "excluded_lines": [], "start_line": 66}, "RactConsole.print": {"executed_lines": [70], "summary": {"covered_lines": 1, "num_statements": 1, "percent_covered": 100.0, "percent_covered_display": "100", "missing_lines": 0, "excluded_lines": 0, "percent_statements_covered": 100.0, "percent_statements_covered_display": "100"}, "missing_lines": [], "excluded_lines": [], "start_line": 69}, "RactConsole.info": {"executed_lines": [73], "summary": {"covered_lines": 1, "num_statements": 1, "percent_covered": 100.0, "percent_covered_display": "100", "missing_lines": 0, "excluded_lines": 0, "percent_statements_covered": 100.0, "percent_statements_covered_display": "100"}, "missing_lines": [], "excluded_lines": [], "start_line": 72}, "RactConsole.success": {"executed_lines": [76], "summary": {"covered_lines": 1, "num_statements": 1, "percent_covered": 100.0, "percent_covered_display": "100", "missing_lines": 0, "excluded_lines": 0, "percent_statements_covered": 100.0, "percent_statements_covered_display": "100"}, "missing_lines": [], "excluded_lines": [], "start_line": 75}, "RactConsole.warning": {"executed_lines": [81], "summary": {"covered_lines": 1, "num_statements": 1, "percent_covered": 100.0, "percent_covered_display": "100", "missing_lines": 0, "excluded_lines": 0, "percent_statements_covered": 100.0, "percent_statements_covered_display": "100"}, "missing_lines": [], "excluded_lines": [], "start_line": 80}, "RactConsole.error": {"executed_lines": [86], "summary": {"covered_lines": 1, "num_statements": 1, "percent_covered": 100.0, "percent_covered_display": "100", "missing_lines": 0, "excluded_lines": 0, "percent_statements_covered": 100.0, "percent_statements_covered_display": "100"}, "missing_lines": [], "excluded_lines": [], "start_line": 85}, "RactConsole.user_input": {"executed_lines": [92], "summary": {"covered_lines": 1, "num_statements": 1, "percent_covered": 100.0, "percent_covered_display": "100", "missing_lines": 0, "excluded_lines": 0, "percent_statements_covered": 100.0, "percent_statements_covered_display": "100"}, "missing_lines": [], "excluded_lines": [], "start_line": 90}, "RactConsole.direct": {"executed_lines": [99], "summary": {"covered_lines": 1, "num_statements": 1, "percent_covered": 100.0, "percent_covered_display": "100", "missing_lines": 0, "excluded_lines": 0, "percent_statements_covered": 100.0, "percent_statements_covered_display": "100"}, "missing_lines": [], "excluded_lines": [], "start_line": 97}, "RactConsole.panel": {"executed_lines": [102, 103], "summary": {"covered_lines": 2, "num_statements": 2, "percent_covered": 100.0, "percent_covered_display": "100", "missing_lines": 0, "excluded_lines": 0, "percent_statements_covered": 100.0, "percent_statements_covered_display": "100"}, "missing_lines": [], "excluded_lines": [], "start_line": 101}, "RactConsole.rule": {"executed_lines": [113], "summary": {"covered_lines": 1, "num_statements": 1, "percent_covered": 100.0, "percent_covered_display": "100", "missing_lines": 0, "excluded_lines": 0, "percent_statements_covered": 100.0, "percent_statements_covered_display": "100"}, "missing_lines": [], "excluded_lines": [], "start_line": 112}, "RactConsole.table": {"executed_lines": [116, 117, 118, 119, 120, 121], "summary": {"covered_lines": 6, "num_statements": 6, "percent_covered": 100.0, "percent_covered_display": "100", "missing_lines": 0, "excluded_lines": 0, "percent_statements_covered": 100.0, "percent_statements_covered_display": "100"}, "missing_lines": [], "excluded_lines": [], "start_line": 115}, "RactConsole._logo": {"executed_lines": [125, 126], "summary": {"covered_lines": 2, "num_statements": 2, "percent_covered": 100.0, "percent_covered_display": "100", "missing_lines": 0, "excluded_lines": 0, "percent_statements_covered": 100.0, "percent_statements_covered_display": "100"}, "missing_lines": [], "excluded_lines": [], "start_line": 123}, "RactConsole.welcome": {"executed_lines": [141, 161, 162, 163], "summary": {"covered_lines": 4, "num_statements": 4, "percent_covered": 100.0, "percent_covered_display": "100", "missing_lines": 0, "excluded_lines": 0, "percent_statements_covered": 100.0, "percent_statements_covered_display": "100"}, "missing_lines": [], "excluded_lines": [], "start_line": 139}, "": {"executed_lines": [2, 4, 5, 7, 9, 16, 17, 18, 20, 21, 22, 23, 26, 41, 44, 45, 46, 47, 48, 49, 50, 52, 65, 66, 69, 72, 75, 80, 85, 90, 97, 101, 112, 115, 123, 139, 167], "summary": {"covered_lines": 37, "num_statements": 37, "percent_covered": 100.0, "percent_covered_display": "100", "missing_lines": 0, "excluded_lines": 0, "percent_statements_covered": 100.0, "percent_statements_covered_display": "100"}, "missing_lines": [], "excluded_lines": [], "start_line": 1}}, "classes": {"RactConsole": {"executed_lines": [53, 55, 56, 62, 63, 67, 70, 73, 76, 81, 86, 92, 99, 102, 103, 113, 116, 117, 118, 119, 120, 121, 125, 126, 141, 161, 162, 163], "summary": {"covered_lines": 28, "num_statements": 28, "percent_covered": 100.0, "percent_covered_display": "100", "missing_lines": 0, "excluded_lines": 0, "percent_statements_covered": 100.0, "percent_statements_covered_display": "100"}, "missing_lines": [], "excluded_lines": [], "start_line": 41}, "": {"executed_lines": [2, 4, 5, 7, 9, 16, 17, 18, 20, 21, 22, 23, 26, 33, 34, 35, 36, 37, 38, 41, 44, 45, 46, 47, 48, 49, 50, 52, 65, 66, 69, 72, 75, 80, 85, 90, 97, 101, 112, 115, 123, 139, 167], "summary": {"covered_lines": 43, "num_statements": 43, "percent_covered": 100.0, "percent_covered_display": "100", "missing_lines": 0, "excluded_lines": 0, "percent_statements_covered": 100.0, "percent_statements_covered_display": "100"}, "missing_lines": [], "excluded_lines": [], "start_line": 1}}}, "src\\rootact\\user_signature_registry.py": {"executed_lines": [1, 3, 4, 6, 7, 8, 10, 13, 17, 19, 21, 22, 25, 32, 33, 36, 37, 38, 39, 41, 43, 44, 45, 46, 47, 49, 51, 52, 53, 54, 55, 57, 59, 60, 62, 63, 64, 66, 67, 68, 69, 70, 71, 72, 73, 75, 77, 79, 80, 82, 84, 85, 86, 89], "summary": {"covered_lines": 54, "num_statements": 55, "percent_covered": 98.18181818181819, "percent_covered_display": "98", "missing_lines": 1, "excluded_lines": 0, "percent_statements_covered": 98.18181818181819, "percent_statements_covered_display": "98"}, "missing_lines": [34], "excluded_lines": [], "functions": {"SignatureRegistry.__init__": {"executed_lines": [33, 36, 37, 38, 39], "summary": {"covered_lines": 5, "num_statements": 6, "percent_covered": 83.33333333333333, "percent_covered_display": "83", "missing_lines": 1, "excluded_lines": 0, "percent_statements_covered": 83.33333333333333, "percent_statements_covered_display": "83"}, "missing_lines": [34], "excluded_lines": [], "start_line": 32}, "SignatureRegistry.save_profile": {"executed_lines": [43, 44, 45, 46, 47], "summary": {"covered_lines": 5, "num_statements": 5, "percent_covered": 100.0, "percent_covered_display": "100", "missing_lines": 0, "excluded_lines": 0, "percent_statements_covered": 100.0, "percent_statements_covered_display": "100"}, "missing_lines": [], "excluded_lines": [], "start_line": 41}, "SignatureRegistry.load_profile": {"executed_lines": [51, 52, 53, 54, 55], "summary": {"covered_lines": 5, "num_statements": 5, "percent_covered": 100.0, "percent_covered_display": "100", "missing_lines": 0, "excluded_lines": 0, "percent_statements_covered": 100.0, "percent_statements_covered_display": "100"}, "missing_lines": [], "excluded_lines": [], "start_line": 49}, "SignatureRegistry._apply_markers": {"executed_lines": [59, 60, 62, 63, 64, 66, 67, 68, 69, 70, 71, 72, 73, 75], "summary": {"covered_lines": 14, "num_statements": 14, "percent_covered": 100.0, "percent_covered_display": "100", "missing_lines": 0, "excluded_lines": 0, "percent_statements_covered": 100.0, "percent_statements_covered_display": "100"}, "missing_lines": [], "excluded_lines": [], "start_line": 57}, "SignatureRegistry.apply_to_content": {"executed_lines": [79, 80], "summary": {"covered_lines": 2, "num_statements": 2, "percent_covered": 100.0, "percent_covered_display": "100", "missing_lines": 0, "excluded_lines": 0, "percent_statements_covered": 100.0, "percent_statements_covered_display": "100"}, "missing_lines": [], "excluded_lines": [], "start_line": 77}, "SignatureRegistry.apply_to_module": {"executed_lines": [84, 85, 86], "summary": {"covered_lines": 3, "num_statements": 3, "percent_covered": 100.0, "percent_covered_display": "100", "missing_lines": 0, "excluded_lines": 0, "percent_statements_covered": 100.0, "percent_statements_covered_display": "100"}, "missing_lines": [], "excluded_lines": [], "start_line": 82}, "": {"executed_lines": [1, 3, 4, 6, 7, 8, 10, 13, 17, 19, 21, 22, 25, 32, 41, 49, 57, 77, 82, 89], "summary": {"covered_lines": 20, "num_statements": 20, "percent_covered": 100.0, "percent_covered_display": "100", "missing_lines": 0, "excluded_lines": 0, "percent_statements_covered": 100.0, "percent_statements_covered_display": "100"}, "missing_lines": [], "excluded_lines": [], "start_line": 1}}, "classes": {"_RootKnotType": {"executed_lines": [], "summary": {"covered_lines": 0, "num_statements": 0, "percent_covered": 100.0, "percent_covered_display": "100", "missing_lines": 0, "excluded_lines": 0, "percent_statements_covered": 100.0, "percent_statements_covered_display": "100"}, "missing_lines": [], "excluded_lines": [], "start_line": 13}, "SignatureRegistry": {"executed_lines": [33, 36, 37, 38, 39, 43, 44, 45, 46, 47, 51, 52, 53, 54, 55, 59, 60, 62, 63, 64, 66, 67, 68, 69, 70, 71, 72, 73, 75, 79, 80, 84, 85, 86], "summary": {"covered_lines": 34, "num_statements": 35, "percent_covered": 97.14285714285714, "percent_covered_display": "97", "missing_lines": 1, "excluded_lines": 0, "percent_statements_covered": 97.14285714285714, "percent_statements_covered_display": "97"}, "missing_lines": [34], "excluded_lines": [], "start_line": 25}, "": {"executed_lines": [1, 3, 4, 6, 7, 8, 10, 13, 17, 19, 21, 22, 25, 32, 41, 49, 57, 77, 82, 89], "summary": {"covered_lines": 20, "num_statements": 20, "percent_covered": 100.0, "percent_covered_display": "100", "missing_lines": 0, "excluded_lines": 0, "percent_statements_covered": 100.0, "percent_statements_covered_display": "100"}, "missing_lines": [], "excluded_lines": [], "start_line": 1}}}}, "totals": {"covered_lines": 7372, "num_statements": 8000, "percent_covered": 92.15, "percent_covered_display": "92", "missing_lines": 628, "excluded_lines": 9, "percent_statements_covered": 92.15, "percent_statements_covered_display": "92"}}